New log file opened at Thu Sep 08 08:49:17 CEST 2016 by 8696@T440PW10BAM
Sending msg to client play-fork-run-5f6af6ff-e424-4287-bb1a-888aff84c618: DetachedLogEvent(LogMessage(debug,sbt server socket logs are in: C:\Users\BAM\Documents\Workspaces\PlayWorkspace\Shop\.sbtserver\connections\master.log))
Sending msg to client play-fork-run-5f6af6ff-e424-4287-bb1a-888aff84c618: DetachedLogEvent(LogMessage(debug,sbt general server logs are in: C:\Users\BAM\Documents\Workspaces\PlayWorkspace\Shop\.sbtserver\master.log))
Sending msg to client play-fork-run-5f6af6ff-e424-4287-bb1a-888aff84c618: DetachedLogEvent(LogMessage(debug,sbt client logs are in: C:\Users\BAM\Documents\Workspaces\PlayWorkspace\Shop\.sbtserver\connections\play-fork-run-5f6af6ff-e424-4287-bb1a-888aff84c618.log))
Reading next message from client.
Got request: ListenToEvents()
Reading next message from client.
Sending msg to client play-fork-run-5f6af6ff-e424-4287-bb1a-888aff84c618: BackgroundJobStarted(5,BackgroundJobInfo(1,backgroundRun,AttributeKey[sbt.BackgroundJobHandle]("backgroundRun") in Scope(Build: file:/C:/Users/BAM/Documents/Workspaces/PlayWorkspace/Shop/, , Project: ProjectReference(file:/C:/Users/BAM/Documents/Workspaces/PlayWorkspace/Shop/,root), Config: compile)))
Sending msg to client play-fork-run-5f6af6ff-e424-4287-bb1a-888aff84c618: (3,ReceivedResponse())
Sending msg to client play-fork-run-5f6af6ff-e424-4287-bb1a-888aff84c618: ExecutionWaiting(45,{file:/C:/Users/BAM/Documents/Workspaces/PlayWorkspace/Shop/}root/compile:discoveredMainClasses,ClientInfo(6e25294e-6dea-4b72-9f50-ad81bf1c9330,activator,Activator,3,Vector()))
Sending msg to client play-fork-run-5f6af6ff-e424-4287-bb1a-888aff84c618: ExecutionStarting(45)
Sending msg to client play-fork-run-5f6af6ff-e424-4287-bb1a-888aff84c618: DetachedLogEvent(LogMessage(debug,> {file:/C:/Users/BAM/Documents/Workspaces/PlayWorkspace/Shop/}root/compile:discoveredMainClasses))
Sending msg to client play-fork-run-5f6af6ff-e424-4287-bb1a-888aff84c618: ExecutionWaiting(46,{file:/C:/Users/BAM/Documents/Workspaces/PlayWorkspace/Shop/}root/compile:mainClass,ClientInfo(6e25294e-6dea-4b72-9f50-ad81bf1c9330,activator,Activator,3,Vector()))
Sending msg to client play-fork-run-5f6af6ff-e424-4287-bb1a-888aff84c618: DetachedLogEvent(LogMessage(debug,Evaluating tasks: compile:discoveredMainClasses))
Sending msg to client play-fork-run-5f6af6ff-e424-4287-bb1a-888aff84c618: DetachedLogEvent(LogMessage(debug,Running task... Cancel: sbt.server.ServerTaskCancellation@707f3f56, check cycles: false))
Sending msg to client play-fork-run-5f6af6ff-e424-4287-bb1a-888aff84c618: DetachedLogEvent(LogMessage(debug,cancel strategy start enabled=true lastCommand=Some(LastCommand(CommandExecutionWork(ExecutionId(45),{file:/C:/Users/BAM/Documents/Workspaces/PlayWorkspace/Shop/}root/compile:discoveredMainClasses,Set(LiveClient(activator 6e25294e-6dea-4b72-9f50-ad81bf1c9330)),sbt.server.WorkCancellationStatus$$anon$1@567a3f11)))))
Sending msg to client play-fork-run-5f6af6ff-e424-4287-bb1a-888aff84c618: TaskStarted(45,8574,Some(AttributeKey[scala.collection.Seq[java.io.File]]("unmanagedSources") in Scope(Build: file:/C:/Users/BAM/Documents/Workspaces/PlayWorkspace/Shop/, , Project: ProjectReference(file:/C:/Users/BAM/Documents/Workspaces/PlayWorkspace/Shop/,root), Config: compile)))
Sending msg to client play-fork-run-5f6af6ff-e424-4287-bb1a-888aff84c618: TaskStarted(45,8576,None)
Sending msg to client play-fork-run-5f6af6ff-e424-4287-bb1a-888aff84c618: TaskStarted(45,8583,None)
Sending msg to client play-fork-run-5f6af6ff-e424-4287-bb1a-888aff84c618: TaskStarted(45,8587,None)
Sending msg to client play-fork-run-5f6af6ff-e424-4287-bb1a-888aff84c618: TaskStarted(45,8588,None)
Sending msg to client play-fork-run-5f6af6ff-e424-4287-bb1a-888aff84c618: TaskStarted(45,8592,Some(AttributeKey[java.lang.String]("updateCacheName") in Scope(Build: file:/C:/Users/BAM/Documents/Workspaces/PlayWorkspace/Shop/, , Project: ProjectReference(file:/C:/Users/BAM/Documents/Workspaces/PlayWorkspace/Shop/,root))))
Sending msg to client play-fork-run-5f6af6ff-e424-4287-bb1a-888aff84c618: TaskStarted(45,8594,Some(AttributeKey[boolean]("skip") in Scope(Global)))
Sending msg to client play-fork-run-5f6af6ff-e424-4287-bb1a-888aff84c618: TaskStarted(45,8596,None)
Sending msg to client play-fork-run-5f6af6ff-e424-4287-bb1a-888aff84c618: TaskStarted(45,8606,Some(AttributeKey[scala.Option[scala.collection.Seq[sbt.Resolver]]]("bootResolvers") in Scope(Build: file:/C:/Users/BAM/Documents/Workspaces/PlayWorkspace/Shop/, , Project: ProjectReference(file:/C:/Users/BAM/Documents/Workspaces/PlayWorkspace/Shop/,root))))
Sending msg to client play-fork-run-5f6af6ff-e424-4287-bb1a-888aff84c618: TaskStarted(45,8610,Some(AttributeKey[scala.collection.Seq[sbt.Resolver]]("externalResolvers") in Scope(Build: file:/C:/Users/BAM/Documents/Workspaces/PlayWorkspace/Shop/, , Project: ProjectReference(file:/C:/Users/BAM/Documents/Workspaces/PlayWorkspace/Shop/,root))))
Sending msg to client play-fork-run-5f6af6ff-e424-4287-bb1a-888aff84c618: TaskStarted(45,8612,Some(AttributeKey[scala.collection.Seq[sbt.Credentials]]("credentials") in Scope(Global)))
Sending msg to client play-fork-run-5f6af6ff-e424-4287-bb1a-888aff84c618: TaskStarted(45,8615,None)
Sending msg to client play-fork-run-5f6af6ff-e424-4287-bb1a-888aff84c618: TaskStarted(45,8616,None)
Sending msg to client play-fork-run-5f6af6ff-e424-4287-bb1a-888aff84c618: TaskStarted(45,8632,None)
Sending msg to client play-fork-run-5f6af6ff-e424-4287-bb1a-888aff84c618: TaskStarted(45,8633,Some(AttributeKey[scala.collection.Seq[java.lang.String]]("scalacOptions") in Scope(Global)))
Sending msg to client play-fork-run-5f6af6ff-e424-4287-bb1a-888aff84c618: TaskStarted(45,8636,Some(AttributeKey[scala.Function1[java.io.File,scala.Function1[java.lang.String,boolean]]]("definesClass") in Scope(Global)))
Sending msg to client play-fork-run-5f6af6ff-e424-4287-bb1a-888aff84c618: TaskStarted(45,8640,Some(AttributeKey[sbt.inc.IncOptions]("incOptions") in Scope(Global)))
Sending msg to client play-fork-run-5f6af6ff-e424-4287-bb1a-888aff84c618: TaskStarted(45,8641,Some(AttributeKey[java.lang.String]("compileAnalysisFilename") in Scope(Build: file:/C:/Users/BAM/Documents/Workspaces/PlayWorkspace/Shop/, , Project: ProjectReference(file:/C:/Users/BAM/Documents/Workspaces/PlayWorkspace/Shop/,root), Config: compile)))
Sending msg to client play-fork-run-5f6af6ff-e424-4287-bb1a-888aff84c618: TaskStarted(45,8643,None)
Sending msg to client play-fork-run-5f6af6ff-e424-4287-bb1a-888aff84c618: TaskStarted(45,8645,Some(AttributeKey[scala.collection.Seq[scala.Function1[xsbti.Position,scala.Option[xsbti.Position]]]]("sourcePositionMappers") in Scope(Global)))
Sending msg to client play-fork-run-5f6af6ff-e424-4287-bb1a-888aff84c618: TaskStarted(45,8649,None)
Sending msg to client play-fork-run-5f6af6ff-e424-4287-bb1a-888aff84c618: TaskStarted(45,8650,Some(AttributeKey[scala.collection.Seq[java.lang.String]]("javacOptions") in Scope(Global)))
Sending msg to client play-fork-run-5f6af6ff-e424-4287-bb1a-888aff84c618: TaskStarted(45,8660,Some(AttributeKey[scala.collection.Seq[java.io.File]]("sources") in Scope(Build: file:/C:/Users/BAM/Documents/Workspaces/PlayWorkspace/Shop/, , Project: ProjectReference(file:/C:/Users/BAM/Documents/Workspaces/PlayWorkspace/Shop/,root), Config: compile, Task: AttributeKey[scala.collection.Seq[java.io.File]]("playRoutes"))))
Sending msg to client play-fork-run-5f6af6ff-e424-4287-bb1a-888aff84c618: TaskStarted(45,8661,None)
Sending msg to client play-fork-run-5f6af6ff-e424-4287-bb1a-888aff84c618: TaskStarted(45,8667,None)
Sending msg to client play-fork-run-5f6af6ff-e424-4287-bb1a-888aff84c618: TaskStarted(45,8673,Some(AttributeKey[sbt.SendEventService]("sendEventService") in Scope(Global)))
Sending msg to client play-fork-run-5f6af6ff-e424-4287-bb1a-888aff84c618: TaskFinished(45,8576,None,true,None)
Sending msg to client play-fork-run-5f6af6ff-e424-4287-bb1a-888aff84c618: TaskStarted(45,8575,None)
Sending msg to client play-fork-run-5f6af6ff-e424-4287-bb1a-888aff84c618: TaskStarted(45,8580,None)
Sending msg to client play-fork-run-5f6af6ff-e424-4287-bb1a-888aff84c618: TaskStarted(45,8591,None)
Sending msg to client play-fork-run-5f6af6ff-e424-4287-bb1a-888aff84c618: TaskStarted(45,8593,None)
Sending msg to client play-fork-run-5f6af6ff-e424-4287-bb1a-888aff84c618: TaskStarted(45,8609,None)
Sending msg to client play-fork-run-5f6af6ff-e424-4287-bb1a-888aff84c618: TaskStarted(45,8611,None)
Sending msg to client play-fork-run-5f6af6ff-e424-4287-bb1a-888aff84c618: TaskStarted(45,8613,None)
Sending msg to client play-fork-run-5f6af6ff-e424-4287-bb1a-888aff84c618: TaskStarted(45,8621,None)
Sending msg to client play-fork-run-5f6af6ff-e424-4287-bb1a-888aff84c618: TaskStarted(45,8623,None)
Sending msg to client play-fork-run-5f6af6ff-e424-4287-bb1a-888aff84c618: TaskStarted(45,8625,None)
Sending msg to client play-fork-run-5f6af6ff-e424-4287-bb1a-888aff84c618: TaskStarted(45,8626,None)
Sending msg to client play-fork-run-5f6af6ff-e424-4287-bb1a-888aff84c618: TaskStarted(45,8638,None)
Sending msg to client play-fork-run-5f6af6ff-e424-4287-bb1a-888aff84c618: TaskStarted(45,8651,None)
Sending msg to client play-fork-run-5f6af6ff-e424-4287-bb1a-888aff84c618: TaskStarted(45,8656,None)
Sending msg to client play-fork-run-5f6af6ff-e424-4287-bb1a-888aff84c618: TaskStarted(45,8664,None)
Sending msg to client play-fork-run-5f6af6ff-e424-4287-bb1a-888aff84c618: TaskStarted(45,8668,None)
Sending msg to client play-fork-run-5f6af6ff-e424-4287-bb1a-888aff84c618: TaskStarted(45,8670,None)
Sending msg to client play-fork-run-5f6af6ff-e424-4287-bb1a-888aff84c618: TaskStarted(45,8672,None)
Sending msg to client play-fork-run-5f6af6ff-e424-4287-bb1a-888aff84c618: TaskStarted(45,8675,None)
Sending msg to client play-fork-run-5f6af6ff-e424-4287-bb1a-888aff84c618: TaskFinished(45,8583,None,true,None)
Sending msg to client play-fork-run-5f6af6ff-e424-4287-bb1a-888aff84c618: TaskFinished(45,8587,None,true,None)
Sending msg to client play-fork-run-5f6af6ff-e424-4287-bb1a-888aff84c618: TaskStarted(45,8586,Some(AttributeKey[java.io.File]("dependencyCacheDirectory") in Scope(Build: file:/C:/Users/BAM/Documents/Workspaces/PlayWorkspace/Shop/, , Project: ProjectReference(file:/C:/Users/BAM/Documents/Workspaces/PlayWorkspace/Shop/,root))))
Sending msg to client play-fork-run-5f6af6ff-e424-4287-bb1a-888aff84c618: TaskStarted(45,8598,Some(AttributeKey[sbt.BuildStructure]("buildStructure") in Scope(Global)))
Sending msg to client play-fork-run-5f6af6ff-e424-4287-bb1a-888aff84c618: TaskStarted(45,8637,Some(AttributeKey[xsbti.compile.GlobalsCache]("compilerCache") in Scope(Global)))
Sending msg to client play-fork-run-5f6af6ff-e424-4287-bb1a-888aff84c618: TaskFinished(45,8588,None,true,None)
Sending msg to client play-fork-run-5f6af6ff-e424-4287-bb1a-888aff84c618: TaskFinished(45,8592,Some(AttributeKey[java.lang.String]("updateCacheName") in Scope(Build: file:/C:/Users/BAM/Documents/Workspaces/PlayWorkspace/Shop/, , Project: ProjectReference(file:/C:/Users/BAM/Documents/Workspaces/PlayWorkspace/Shop/,root))),true,None)
Sending msg to client play-fork-run-5f6af6ff-e424-4287-bb1a-888aff84c618: TaskFinished(45,8594,Some(AttributeKey[boolean]("skip") in Scope(Global)),true,None)
Sending msg to client play-fork-run-5f6af6ff-e424-4287-bb1a-888aff84c618: TaskFinished(45,8596,None,true,None)
Sending msg to client play-fork-run-5f6af6ff-e424-4287-bb1a-888aff84c618: TaskFinished(45,8606,Some(AttributeKey[scala.Option[scala.collection.Seq[sbt.Resolver]]]("bootResolvers") in Scope(Build: file:/C:/Users/BAM/Documents/Workspaces/PlayWorkspace/Shop/, , Project: ProjectReference(file:/C:/Users/BAM/Documents/Workspaces/PlayWorkspace/Shop/,root))),true,None)
Sending msg to client play-fork-run-5f6af6ff-e424-4287-bb1a-888aff84c618: TaskFinished(45,8610,Some(AttributeKey[scala.collection.Seq[sbt.Resolver]]("externalResolvers") in Scope(Build: file:/C:/Users/BAM/Documents/Workspaces/PlayWorkspace/Shop/, , Project: ProjectReference(file:/C:/Users/BAM/Documents/Workspaces/PlayWorkspace/Shop/,root))),true,None)
Sending msg to client play-fork-run-5f6af6ff-e424-4287-bb1a-888aff84c618: TaskFinished(45,8612,Some(AttributeKey[scala.collection.Seq[sbt.Credentials]]("credentials") in Scope(Global)),true,None)
Sending msg to client play-fork-run-5f6af6ff-e424-4287-bb1a-888aff84c618: TaskFinished(45,8615,None,true,None)
Sending msg to client play-fork-run-5f6af6ff-e424-4287-bb1a-888aff84c618: TaskFinished(45,8616,None,true,None)
Sending msg to client play-fork-run-5f6af6ff-e424-4287-bb1a-888aff84c618: TaskStarted(45,8614,Some(AttributeKey[scala.collection.Seq[sbt.UpdateReport]]("transitiveUpdate") in Scope(Build: file:/C:/Users/BAM/Documents/Workspaces/PlayWorkspace/Shop/, , Project: ProjectReference(file:/C:/Users/BAM/Documents/Workspaces/PlayWorkspace/Shop/,root))))
Sending msg to client play-fork-run-5f6af6ff-e424-4287-bb1a-888aff84c618: TaskFinished(45,8632,None,true,None)
Sending msg to client play-fork-run-5f6af6ff-e424-4287-bb1a-888aff84c618: TaskFinished(45,8574,Some(AttributeKey[scala.collection.Seq[java.io.File]]("unmanagedSources") in Scope(Build: file:/C:/Users/BAM/Documents/Workspaces/PlayWorkspace/Shop/, , Project: ProjectReference(file:/C:/Users/BAM/Documents/Workspaces/PlayWorkspace/Shop/,root), Config: compile)),true,None)
Sending msg to client play-fork-run-5f6af6ff-e424-4287-bb1a-888aff84c618: TaskStarted(45,8573,Some(AttributeKey[scala.collection.Seq[java.io.File]]("unmanagedSources") in Scope(Build: file:/C:/Users/BAM/Documents/Workspaces/PlayWorkspace/Shop/, , Project: ProjectReference(file:/C:/Users/BAM/Documents/Workspaces/PlayWorkspace/Shop/,root), Config: compile)))
Sending msg to client play-fork-run-5f6af6ff-e424-4287-bb1a-888aff84c618: TaskFinished(45,8633,Some(AttributeKey[scala.collection.Seq[java.lang.String]]("scalacOptions") in Scope(Global)),true,None)
Sending msg to client play-fork-run-5f6af6ff-e424-4287-bb1a-888aff84c618: TaskStarted(45,8631,Some(AttributeKey[scala.collection.Seq[java.lang.String]]("scalacOptions") in Scope(Build: file:/C:/Users/BAM/Documents/Workspaces/PlayWorkspace/Shop/, , Project: ProjectReference(file:/C:/Users/BAM/Documents/Workspaces/PlayWorkspace/Shop/,root))))
Sending msg to client play-fork-run-5f6af6ff-e424-4287-bb1a-888aff84c618: TaskFinished(45,8636,Some(AttributeKey[scala.Function1[java.io.File,scala.Function1[java.lang.String,boolean]]]("definesClass") in Scope(Global)),true,None)
Sending msg to client play-fork-run-5f6af6ff-e424-4287-bb1a-888aff84c618: TaskFinished(45,8640,Some(AttributeKey[sbt.inc.IncOptions]("incOptions") in Scope(Global)),true,None)
Sending msg to client play-fork-run-5f6af6ff-e424-4287-bb1a-888aff84c618: TaskStarted(45,8639,Some(AttributeKey[sbt.inc.IncOptions]("incOptions") in Scope(Build: file:/C:/Users/BAM/Documents/Workspaces/PlayWorkspace/Shop/, , Project: ProjectReference(file:/C:/Users/BAM/Documents/Workspaces/PlayWorkspace/Shop/,root))))
Sending msg to client play-fork-run-5f6af6ff-e424-4287-bb1a-888aff84c618: TaskFinished(45,8641,Some(AttributeKey[java.lang.String]("compileAnalysisFilename") in Scope(Build: file:/C:/Users/BAM/Documents/Workspaces/PlayWorkspace/Shop/, , Project: ProjectReference(file:/C:/Users/BAM/Documents/Workspaces/PlayWorkspace/Shop/,root), Config: compile)),true,None)
Sending msg to client play-fork-run-5f6af6ff-e424-4287-bb1a-888aff84c618: TaskFinished(45,8643,None,true,None)
Sending msg to client play-fork-run-5f6af6ff-e424-4287-bb1a-888aff84c618: TaskFinished(45,8645,Some(AttributeKey[scala.collection.Seq[scala.Function1[xsbti.Position,scala.Option[xsbti.Position]]]]("sourcePositionMappers") in Scope(Global)),true,None)
Sending msg to client play-fork-run-5f6af6ff-e424-4287-bb1a-888aff84c618: TaskFinished(45,8649,None,true,None)
Sending msg to client play-fork-run-5f6af6ff-e424-4287-bb1a-888aff84c618: TaskFinished(45,8650,Some(AttributeKey[scala.collection.Seq[java.lang.String]]("javacOptions") in Scope(Global)),true,None)
Sending msg to client play-fork-run-5f6af6ff-e424-4287-bb1a-888aff84c618: TaskStarted(45,8648,Some(AttributeKey[scala.collection.Seq[java.lang.String]]("javacOptions") in Scope(Build: file:/C:/Users/BAM/Documents/Workspaces/PlayWorkspace/Shop/, , Project: ProjectReference(file:/C:/Users/BAM/Documents/Workspaces/PlayWorkspace/Shop/,root), Config: compile)))
Sending msg to client play-fork-run-5f6af6ff-e424-4287-bb1a-888aff84c618: TaskFinished(45,8660,Some(AttributeKey[scala.collection.Seq[java.io.File]]("sources") in Scope(Build: file:/C:/Users/BAM/Documents/Workspaces/PlayWorkspace/Shop/, , Project: ProjectReference(file:/C:/Users/BAM/Documents/Workspaces/PlayWorkspace/Shop/,root), Config: compile, Task: AttributeKey[scala.collection.Seq[java.io.File]]("playRoutes"))),true,None)
Sending msg to client play-fork-run-5f6af6ff-e424-4287-bb1a-888aff84c618: TaskFinished(45,8661,None,true,None)
Sending msg to client play-fork-run-5f6af6ff-e424-4287-bb1a-888aff84c618: TaskStarted(45,8659,Some(AttributeKey[scala.collection.Seq[java.io.File]]("sources") in Scope(Build: file:/C:/Users/BAM/Documents/Workspaces/PlayWorkspace/Shop/, , Project: ProjectReference(file:/C:/Users/BAM/Documents/Workspaces/PlayWorkspace/Shop/,root), Config: compile, Task: AttributeKey[scala.collection.Seq[java.io.File]]("playRoutes"))))
Sending msg to client play-fork-run-5f6af6ff-e424-4287-bb1a-888aff84c618: TaskFinished(45,8667,None,true,None)
Sending msg to client play-fork-run-5f6af6ff-e424-4287-bb1a-888aff84c618: TaskFinished(45,8673,Some(AttributeKey[sbt.SendEventService]("sendEventService") in Scope(Global)),true,None)
Sending msg to client play-fork-run-5f6af6ff-e424-4287-bb1a-888aff84c618: TaskFinished(45,8580,None,true,None)
Sending msg to client play-fork-run-5f6af6ff-e424-4287-bb1a-888aff84c618: TaskFinished(45,8591,None,true,None)
Sending msg to client play-fork-run-5f6af6ff-e424-4287-bb1a-888aff84c618: TaskStarted(45,8590,Some(AttributeKey[scala.collection.immutable.Map[sbt.ModuleID,sbt.SourcePosition]]("dependencyPositions") in Scope(Build: file:/C:/Users/BAM/Documents/Workspaces/PlayWorkspace/Shop/, , Project: ProjectReference(file:/C:/Users/BAM/Documents/Workspaces/PlayWorkspace/Shop/,root))))
Sending msg to client play-fork-run-5f6af6ff-e424-4287-bb1a-888aff84c618: TaskFinished(45,8575,None,true,None)
Sending msg to client play-fork-run-5f6af6ff-e424-4287-bb1a-888aff84c618: TaskFinished(45,8593,None,true,None)
Sending msg to client play-fork-run-5f6af6ff-e424-4287-bb1a-888aff84c618: TaskFinished(45,8609,None,true,None)
Sending msg to client play-fork-run-5f6af6ff-e424-4287-bb1a-888aff84c618: TaskFinished(45,8611,None,true,None)
Sending msg to client play-fork-run-5f6af6ff-e424-4287-bb1a-888aff84c618: TaskFinished(45,8613,None,true,None)
Sending msg to client play-fork-run-5f6af6ff-e424-4287-bb1a-888aff84c618: TaskFinished(45,8621,None,true,None)
Sending msg to client play-fork-run-5f6af6ff-e424-4287-bb1a-888aff84c618: TaskFinished(45,8623,None,true,None)
Sending msg to client play-fork-run-5f6af6ff-e424-4287-bb1a-888aff84c618: TaskFinished(45,8625,None,true,None)
Sending msg to client play-fork-run-5f6af6ff-e424-4287-bb1a-888aff84c618: TaskFinished(45,8626,None,true,None)
Sending msg to client play-fork-run-5f6af6ff-e424-4287-bb1a-888aff84c618: TaskFinished(45,8638,None,true,None)
Sending msg to client play-fork-run-5f6af6ff-e424-4287-bb1a-888aff84c618: TaskFinished(45,8651,None,true,None)
Sending msg to client play-fork-run-5f6af6ff-e424-4287-bb1a-888aff84c618: TaskFinished(45,8656,None,true,None)
Sending msg to client play-fork-run-5f6af6ff-e424-4287-bb1a-888aff84c618: TaskFinished(45,8664,None,true,None)
Sending msg to client play-fork-run-5f6af6ff-e424-4287-bb1a-888aff84c618: TaskFinished(45,8668,None,true,None)
Sending msg to client play-fork-run-5f6af6ff-e424-4287-bb1a-888aff84c618: TaskFinished(45,8670,None,true,None)
Sending msg to client play-fork-run-5f6af6ff-e424-4287-bb1a-888aff84c618: TaskFinished(45,8672,None,true,None)
Sending msg to client play-fork-run-5f6af6ff-e424-4287-bb1a-888aff84c618: TaskFinished(45,8675,None,true,None)
Sending msg to client play-fork-run-5f6af6ff-e424-4287-bb1a-888aff84c618: TaskFinished(45,8598,Some(AttributeKey[sbt.BuildStructure]("buildStructure") in Scope(Global)),true,None)
Sending msg to client play-fork-run-5f6af6ff-e424-4287-bb1a-888aff84c618: TaskStarted(45,8597,Some(AttributeKey[sbt.Settings[sbt.Scope]]("settingsData") in Scope(Global)))
Sending msg to client play-fork-run-5f6af6ff-e424-4287-bb1a-888aff84c618: TaskFinished(45,8637,Some(AttributeKey[xsbti.compile.GlobalsCache]("compilerCache") in Scope(Global)),true,None)
Sending msg to client play-fork-run-5f6af6ff-e424-4287-bb1a-888aff84c618: TaskFinished(45,8586,Some(AttributeKey[java.io.File]("dependencyCacheDirectory") in Scope(Build: file:/C:/Users/BAM/Documents/Workspaces/PlayWorkspace/Shop/, , Project: ProjectReference(file:/C:/Users/BAM/Documents/Workspaces/PlayWorkspace/Shop/,root))),true,None)
Sending msg to client play-fork-run-5f6af6ff-e424-4287-bb1a-888aff84c618: TaskFinished(45,8614,Some(AttributeKey[scala.collection.Seq[sbt.UpdateReport]]("transitiveUpdate") in Scope(Build: file:/C:/Users/BAM/Documents/Workspaces/PlayWorkspace/Shop/, , Project: ProjectReference(file:/C:/Users/BAM/Documents/Workspaces/PlayWorkspace/Shop/,root))),true,None)
Sending msg to client play-fork-run-5f6af6ff-e424-4287-bb1a-888aff84c618: TaskFinished(45,8573,Some(AttributeKey[scala.collection.Seq[java.io.File]]("unmanagedSources") in Scope(Build: file:/C:/Users/BAM/Documents/Workspaces/PlayWorkspace/Shop/, , Project: ProjectReference(file:/C:/Users/BAM/Documents/Workspaces/PlayWorkspace/Shop/,root), Config: compile)),true,None)
Sending msg to client play-fork-run-5f6af6ff-e424-4287-bb1a-888aff84c618: TaskStarted(45,8572,Some(AttributeKey[scala.collection.Seq[java.io.File]]("sources") in Scope(Build: file:/C:/Users/BAM/Documents/Workspaces/PlayWorkspace/Shop/, , Project: ProjectReference(file:/C:/Users/BAM/Documents/Workspaces/PlayWorkspace/Shop/,root), Config: compile, Task: AttributeKey[scala.Function1[sbt.compiler.IC$Result,sbt.compiler.IC$Result]]("playEnhancerGenerateAccessors"))))
Sending msg to client play-fork-run-5f6af6ff-e424-4287-bb1a-888aff84c618: TaskFinished(45,8631,Some(AttributeKey[scala.collection.Seq[java.lang.String]]("scalacOptions") in Scope(Build: file:/C:/Users/BAM/Documents/Workspaces/PlayWorkspace/Shop/, , Project: ProjectReference(file:/C:/Users/BAM/Documents/Workspaces/PlayWorkspace/Shop/,root))),true,None)
Sending msg to client play-fork-run-5f6af6ff-e424-4287-bb1a-888aff84c618: TaskStarted(45,8647,Some(AttributeKey[java.lang.String]("twirlSourceEncoding") in Scope(Build: file:/C:/Users/BAM/Documents/Workspaces/PlayWorkspace/Shop/, , Project: ProjectReference(file:/C:/Users/BAM/Documents/Workspaces/PlayWorkspace/Shop/,root))))
Sending msg to client play-fork-run-5f6af6ff-e424-4287-bb1a-888aff84c618: TaskFinished(45,8639,Some(AttributeKey[sbt.inc.IncOptions]("incOptions") in Scope(Build: file:/C:/Users/BAM/Documents/Workspaces/PlayWorkspace/Shop/, , Project: ProjectReference(file:/C:/Users/BAM/Documents/Workspaces/PlayWorkspace/Shop/,root))),true,None)
Sending msg to client play-fork-run-5f6af6ff-e424-4287-bb1a-888aff84c618: TaskFinished(45,8648,Some(AttributeKey[scala.collection.Seq[java.lang.String]]("javacOptions") in Scope(Build: file:/C:/Users/BAM/Documents/Workspaces/PlayWorkspace/Shop/, , Project: ProjectReference(file:/C:/Users/BAM/Documents/Workspaces/PlayWorkspace/Shop/,root), Config: compile)),true,None)
Sending msg to client play-fork-run-5f6af6ff-e424-4287-bb1a-888aff84c618: TaskFinished(45,8659,Some(AttributeKey[scala.collection.Seq[java.io.File]]("sources") in Scope(Build: file:/C:/Users/BAM/Documents/Workspaces/PlayWorkspace/Shop/, , Project: ProjectReference(file:/C:/Users/BAM/Documents/Workspaces/PlayWorkspace/Shop/,root), Config: compile, Task: AttributeKey[scala.collection.Seq[java.io.File]]("playRoutes"))),true,None)
Sending msg to client play-fork-run-5f6af6ff-e424-4287-bb1a-888aff84c618: TaskStarted(45,8658,None)
Sending msg to client play-fork-run-5f6af6ff-e424-4287-bb1a-888aff84c618: TaskFinished(45,8597,Some(AttributeKey[sbt.Settings[sbt.Scope]]("settingsData") in Scope(Global)),true,None)
Sending msg to client play-fork-run-5f6af6ff-e424-4287-bb1a-888aff84c618: TaskStarted(45,8595,None)
Sending msg to client play-fork-run-5f6af6ff-e424-4287-bb1a-888aff84c618: TaskStarted(45,8602,Some(AttributeKey[scala.collection.Seq[sbt.ModuleID]]("projectDependencies") in Scope(Build: file:/C:/Users/BAM/Documents/Workspaces/PlayWorkspace/Shop/, , Project: ProjectReference(file:/C:/Users/BAM/Documents/Workspaces/PlayWorkspace/Shop/,root))))
Sending msg to client play-fork-run-5f6af6ff-e424-4287-bb1a-888aff84c618: TaskStarted(45,8608,Some(AttributeKey[scala.collection.immutable.Map[org.apache.ivy.core.module.id.ModuleRevisionId,org.apache.ivy.core.module.descriptor.ModuleDescriptor]]("projectDescriptors") in Scope(Build: file:/C:/Users/BAM/Documents/Workspaces/PlayWorkspace/Shop/, , Project: ProjectReference(file:/C:/Users/BAM/Documents/Workspaces/PlayWorkspace/Shop/,root))))
Sending msg to client play-fork-run-5f6af6ff-e424-4287-bb1a-888aff84c618: TaskStarted(45,8624,None)
Sending msg to client play-fork-run-5f6af6ff-e424-4287-bb1a-888aff84c618: TaskStarted(45,8634,None)
Sending msg to client play-fork-run-5f6af6ff-e424-4287-bb1a-888aff84c618: TaskStarted(45,8666,Some(AttributeKey[sbt.ScalaInstance]("scalaInstance") in Scope(Build: file:/C:/Users/BAM/Documents/Workspaces/PlayWorkspace/Shop/, , Project: ProjectReference(file:/C:/Users/BAM/Documents/Workspaces/PlayWorkspace/Shop/,root))))
Sending msg to client play-fork-run-5f6af6ff-e424-4287-bb1a-888aff84c618: TaskFinished(45,8572,Some(AttributeKey[scala.collection.Seq[java.io.File]]("sources") in Scope(Build: file:/C:/Users/BAM/Documents/Workspaces/PlayWorkspace/Shop/, , Project: ProjectReference(file:/C:/Users/BAM/Documents/Workspaces/PlayWorkspace/Shop/,root), Config: compile, Task: AttributeKey[scala.Function1[sbt.compiler.IC$Result,sbt.compiler.IC$Result]]("playEnhancerGenerateAccessors"))),true,None)
Sending msg to client play-fork-run-5f6af6ff-e424-4287-bb1a-888aff84c618: TaskFinished(45,8647,Some(AttributeKey[java.lang.String]("twirlSourceEncoding") in Scope(Build: file:/C:/Users/BAM/Documents/Workspaces/PlayWorkspace/Shop/, , Project: ProjectReference(file:/C:/Users/BAM/Documents/Workspaces/PlayWorkspace/Shop/,root))),true,None)
Sending msg to client play-fork-run-5f6af6ff-e424-4287-bb1a-888aff84c618: TaskStarted(45,8646,None)
Sending msg to client play-fork-run-5f6af6ff-e424-4287-bb1a-888aff84c618: TaskStarted(45,8663,None)
Sending msg to client play-fork-run-5f6af6ff-e424-4287-bb1a-888aff84c618: TaskFinished(45,8658,None,true,None)
Sending msg to client play-fork-run-5f6af6ff-e424-4287-bb1a-888aff84c618: TaskStarted(45,8657,Some(AttributeKey[scala.collection.Seq[play.routes.compiler.RoutesCompiler$RoutesCompilerTask]]("playRoutesTasks") in Scope(Build: file:/C:/Users/BAM/Documents/Workspaces/PlayWorkspace/Shop/, , Project: ProjectReference(file:/C:/Users/BAM/Documents/Workspaces/PlayWorkspace/Shop/,root), Config: compile)))
Sending msg to client play-fork-run-5f6af6ff-e424-4287-bb1a-888aff84c618: TaskFinished(45,8602,Some(AttributeKey[scala.collection.Seq[sbt.ModuleID]]("projectDependencies") in Scope(Build: file:/C:/Users/BAM/Documents/Workspaces/PlayWorkspace/Shop/, , Project: ProjectReference(file:/C:/Users/BAM/Documents/Workspaces/PlayWorkspace/Shop/,root))),true,None)
Sending msg to client play-fork-run-5f6af6ff-e424-4287-bb1a-888aff84c618: TaskStarted(45,8601,Some(AttributeKey[scala.collection.Seq[sbt.ModuleID]]("allDependencies") in Scope(Build: file:/C:/Users/BAM/Documents/Workspaces/PlayWorkspace/Shop/, , Project: ProjectReference(file:/C:/Users/BAM/Documents/Workspaces/PlayWorkspace/Shop/,root))))
Sending msg to client play-fork-run-5f6af6ff-e424-4287-bb1a-888aff84c618: TaskStarted(45,8676,None)
Sending msg to client play-fork-run-5f6af6ff-e424-4287-bb1a-888aff84c618: TaskStarted(45,8681,None)
Sending msg to client play-fork-run-5f6af6ff-e424-4287-bb1a-888aff84c618: TaskStarted(45,8683,None)
Sending msg to client play-fork-run-5f6af6ff-e424-4287-bb1a-888aff84c618: TaskStarted(45,8684,None)
Sending msg to client play-fork-run-5f6af6ff-e424-4287-bb1a-888aff84c618: TaskStarted(45,8686,None)
Sending msg to client play-fork-run-5f6af6ff-e424-4287-bb1a-888aff84c618: TaskFinished(45,8646,None,true,None)
Sending msg to client play-fork-run-5f6af6ff-e424-4287-bb1a-888aff84c618: TaskStarted(45,8644,Some(AttributeKey[scala.collection.Seq[scala.Function1[xsbti.Position,scala.Option[xsbti.Position]]]]("sourcePositionMappers") in Scope(Build: file:/C:/Users/BAM/Documents/Workspaces/PlayWorkspace/Shop/, , Project: ProjectReference(file:/C:/Users/BAM/Documents/Workspaces/PlayWorkspace/Shop/,root))))
Sending msg to client play-fork-run-5f6af6ff-e424-4287-bb1a-888aff84c618: TaskStarted(45,8689,None)
Sending msg to client play-fork-run-5f6af6ff-e424-4287-bb1a-888aff84c618: TaskStarted(45,8691,None)
Sending msg to client play-fork-run-5f6af6ff-e424-4287-bb1a-888aff84c618: TaskFinished(45,8676,None,true,None)
Sending msg to client play-fork-run-5f6af6ff-e424-4287-bb1a-888aff84c618: TaskFinished(45,8595,None,true,None)
Sending msg to client play-fork-run-5f6af6ff-e424-4287-bb1a-888aff84c618: TaskFinished(45,8681,None,true,None)
Sending msg to client play-fork-run-5f6af6ff-e424-4287-bb1a-888aff84c618: TaskStarted(45,8680,None)
Sending msg to client play-fork-run-5f6af6ff-e424-4287-bb1a-888aff84c618: TaskFinished(45,8644,Some(AttributeKey[scala.collection.Seq[scala.Function1[xsbti.Position,scala.Option[xsbti.Position]]]]("sourcePositionMappers") in Scope(Build: file:/C:/Users/BAM/Documents/Workspaces/PlayWorkspace/Shop/, , Project: ProjectReference(file:/C:/Users/BAM/Documents/Workspaces/PlayWorkspace/Shop/,root))),true,None)
Sending msg to client play-fork-run-5f6af6ff-e424-4287-bb1a-888aff84c618: TaskStarted(45,8642,Some(AttributeKey[scala.collection.Seq[scala.Function1[xsbti.Position,scala.Option[xsbti.Position]]]]("sourcePositionMappers") in Scope(Build: file:/C:/Users/BAM/Documents/Workspaces/PlayWorkspace/Shop/, , Project: ProjectReference(file:/C:/Users/BAM/Documents/Workspaces/PlayWorkspace/Shop/,root))))
Sending msg to client play-fork-run-5f6af6ff-e424-4287-bb1a-888aff84c618: TaskFinished(45,8689,None,true,None)
Sending msg to client play-fork-run-5f6af6ff-e424-4287-bb1a-888aff84c618: TaskStarted(45,8688,None)
Sending msg to client play-fork-run-5f6af6ff-e424-4287-bb1a-888aff84c618: TaskStarted(45,8692,None)
Sending msg to client play-fork-run-5f6af6ff-e424-4287-bb1a-888aff84c618: TaskFinished(45,8642,Some(AttributeKey[scala.collection.Seq[scala.Function1[xsbti.Position,scala.Option[xsbti.Position]]]]("sourcePositionMappers") in Scope(Build: file:/C:/Users/BAM/Documents/Workspaces/PlayWorkspace/Shop/, , Project: ProjectReference(file:/C:/Users/BAM/Documents/Workspaces/PlayWorkspace/Shop/,root))),true,None)
Sending msg to client play-fork-run-5f6af6ff-e424-4287-bb1a-888aff84c618: TaskFinished(45,8688,None,true,None)
Sending msg to client play-fork-run-5f6af6ff-e424-4287-bb1a-888aff84c618: TaskFinished(45,8608,Some(AttributeKey[scala.collection.immutable.Map[org.apache.ivy.core.module.id.ModuleRevisionId,org.apache.ivy.core.module.descriptor.ModuleDescriptor]]("projectDescriptors") in Scope(Build: file:/C:/Users/BAM/Documents/Workspaces/PlayWorkspace/Shop/, , Project: ProjectReference(file:/C:/Users/BAM/Documents/Workspaces/PlayWorkspace/Shop/,root))),true,None)
Sending msg to client play-fork-run-5f6af6ff-e424-4287-bb1a-888aff84c618: TaskStarted(45,8607,Some(AttributeKey[sbt.Resolver]("projectResolver") in Scope(Build: file:/C:/Users/BAM/Documents/Workspaces/PlayWorkspace/Shop/, , Project: ProjectReference(file:/C:/Users/BAM/Documents/Workspaces/PlayWorkspace/Shop/,root))))
Sending msg to client play-fork-run-5f6af6ff-e424-4287-bb1a-888aff84c618: TaskFinished(45,8692,None,true,None)
Sending msg to client play-fork-run-5f6af6ff-e424-4287-bb1a-888aff84c618: TaskFinished(45,8680,None,true,None)
Sending msg to client play-fork-run-5f6af6ff-e424-4287-bb1a-888aff84c618: TaskFinished(45,8607,Some(AttributeKey[sbt.Resolver]("projectResolver") in Scope(Build: file:/C:/Users/BAM/Documents/Workspaces/PlayWorkspace/Shop/, , Project: ProjectReference(file:/C:/Users/BAM/Documents/Workspaces/PlayWorkspace/Shop/,root))),true,None)
Sending msg to client play-fork-run-5f6af6ff-e424-4287-bb1a-888aff84c618: TaskStarted(45,8605,Some(AttributeKey[scala.collection.Seq[sbt.Resolver]]("fullResolvers") in Scope(Build: file:/C:/Users/BAM/Documents/Workspaces/PlayWorkspace/Shop/, , Project: ProjectReference(file:/C:/Users/BAM/Documents/Workspaces/PlayWorkspace/Shop/,root))))
Sending msg to client play-fork-run-5f6af6ff-e424-4287-bb1a-888aff84c618: TaskFinished(45,8601,Some(AttributeKey[scala.collection.Seq[sbt.ModuleID]]("allDependencies") in Scope(Build: file:/C:/Users/BAM/Documents/Workspaces/PlayWorkspace/Shop/, , Project: ProjectReference(file:/C:/Users/BAM/Documents/Workspaces/PlayWorkspace/Shop/,root))),true,None)
Sending msg to client play-fork-run-5f6af6ff-e424-4287-bb1a-888aff84c618: TaskStarted(45,8600,Some(AttributeKey[sbt.ModuleSettings]("moduleSettings") in Scope(Build: file:/C:/Users/BAM/Documents/Workspaces/PlayWorkspace/Shop/, , Project: ProjectReference(file:/C:/Users/BAM/Documents/Workspaces/PlayWorkspace/Shop/,root))))
Sending msg to client play-fork-run-5f6af6ff-e424-4287-bb1a-888aff84c618: TaskFinished(45,8686,None,true,None)
Sending msg to client play-fork-run-5f6af6ff-e424-4287-bb1a-888aff84c618: TaskStarted(45,8685,None)
Sending msg to client play-fork-run-5f6af6ff-e424-4287-bb1a-888aff84c618: TaskFinished(45,8691,None,true,None)
Sending msg to client play-fork-run-5f6af6ff-e424-4287-bb1a-888aff84c618: TaskStarted(45,8690,None)
Sending msg to client play-fork-run-5f6af6ff-e424-4287-bb1a-888aff84c618: TaskFinished(45,8605,Some(AttributeKey[scala.collection.Seq[sbt.Resolver]]("fullResolvers") in Scope(Build: file:/C:/Users/BAM/Documents/Workspaces/PlayWorkspace/Shop/, , Project: ProjectReference(file:/C:/Users/BAM/Documents/Workspaces/PlayWorkspace/Shop/,root))),true,None)
Sending msg to client play-fork-run-5f6af6ff-e424-4287-bb1a-888aff84c618: TaskStarted(45,8604,Some(AttributeKey[sbt.IvyConfiguration]("ivyConfiguration") in Scope(Build: file:/C:/Users/BAM/Documents/Workspaces/PlayWorkspace/Shop/, , Project: ProjectReference(file:/C:/Users/BAM/Documents/Workspaces/PlayWorkspace/Shop/,root))))
Sending msg to client play-fork-run-5f6af6ff-e424-4287-bb1a-888aff84c618: TaskFinished(45,8600,Some(AttributeKey[sbt.ModuleSettings]("moduleSettings") in Scope(Build: file:/C:/Users/BAM/Documents/Workspaces/PlayWorkspace/Shop/, , Project: ProjectReference(file:/C:/Users/BAM/Documents/Workspaces/PlayWorkspace/Shop/,root))),true,None)
Sending msg to client play-fork-run-5f6af6ff-e424-4287-bb1a-888aff84c618: TaskFinished(45,8685,None,true,None)
Sending msg to client play-fork-run-5f6af6ff-e424-4287-bb1a-888aff84c618: TaskFinished(45,8634,None,true,None)
Sending msg to client play-fork-run-5f6af6ff-e424-4287-bb1a-888aff84c618: TaskFinished(45,8690,None,true,None)
Sending msg to client play-fork-run-5f6af6ff-e424-4287-bb1a-888aff84c618: TaskFinished(45,8657,Some(AttributeKey[scala.collection.Seq[play.routes.compiler.RoutesCompiler$RoutesCompilerTask]]("playRoutesTasks") in Scope(Build: file:/C:/Users/BAM/Documents/Workspaces/PlayWorkspace/Shop/, , Project: ProjectReference(file:/C:/Users/BAM/Documents/Workspaces/PlayWorkspace/Shop/,root), Config: compile)),true,None)
Sending msg to client play-fork-run-5f6af6ff-e424-4287-bb1a-888aff84c618: TaskStarted(45,8655,Some(AttributeKey[scala.collection.Seq[java.io.File]]("playRoutes") in Scope(Build: file:/C:/Users/BAM/Documents/Workspaces/PlayWorkspace/Shop/, , Project: ProjectReference(file:/C:/Users/BAM/Documents/Workspaces/PlayWorkspace/Shop/,root), Config: compile)))
Sending msg to client play-fork-run-5f6af6ff-e424-4287-bb1a-888aff84c618: TaskFinished(45,8683,None,true,None)
Sending msg to client play-fork-run-5f6af6ff-e424-4287-bb1a-888aff84c618: TaskFinished(45,8684,None,true,None)
Sending msg to client play-fork-run-5f6af6ff-e424-4287-bb1a-888aff84c618: TaskStarted(45,8682,Some(AttributeKey[scala.collection.Seq[sbt.Attributed[java.io.File]]]("unmanagedJars") in Scope(Build: file:/C:/Users/BAM/Documents/Workspaces/PlayWorkspace/Shop/, , Project: ProjectReference(file:/C:/Users/BAM/Documents/Workspaces/PlayWorkspace/Shop/,root), Config: compile)))
Sending msg to client play-fork-run-5f6af6ff-e424-4287-bb1a-888aff84c618: TaskFinished(45,8604,Some(AttributeKey[sbt.IvyConfiguration]("ivyConfiguration") in Scope(Build: file:/C:/Users/BAM/Documents/Workspaces/PlayWorkspace/Shop/, , Project: ProjectReference(file:/C:/Users/BAM/Documents/Workspaces/PlayWorkspace/Shop/,root))),true,None)
Sending msg to client play-fork-run-5f6af6ff-e424-4287-bb1a-888aff84c618: TaskStarted(45,8603,Some(AttributeKey[sbt.IvySbt]("ivySbt") in Scope(Build: file:/C:/Users/BAM/Documents/Workspaces/PlayWorkspace/Shop/, , Project: ProjectReference(file:/C:/Users/BAM/Documents/Workspaces/PlayWorkspace/Shop/,root))))
Sending msg to client play-fork-run-5f6af6ff-e424-4287-bb1a-888aff84c618: TaskFinished(45,8682,Some(AttributeKey[scala.collection.Seq[sbt.Attributed[java.io.File]]]("unmanagedJars") in Scope(Build: file:/C:/Users/BAM/Documents/Workspaces/PlayWorkspace/Shop/, , Project: ProjectReference(file:/C:/Users/BAM/Documents/Workspaces/PlayWorkspace/Shop/,root), Config: compile)),true,None)
Sending msg to client play-fork-run-5f6af6ff-e424-4287-bb1a-888aff84c618: TaskStarted(45,8679,Some(AttributeKey[scala.collection.Seq[sbt.Attributed[java.io.File]]]("unmanagedJars") in Scope(Build: file:/C:/Users/BAM/Documents/Workspaces/PlayWorkspace/Shop/, , Project: ProjectReference(file:/C:/Users/BAM/Documents/Workspaces/PlayWorkspace/Shop/,root), Config: compile)))
Sending msg to client play-fork-run-5f6af6ff-e424-4287-bb1a-888aff84c618: TaskFinished(45,8603,Some(AttributeKey[sbt.IvySbt]("ivySbt") in Scope(Build: file:/C:/Users/BAM/Documents/Workspaces/PlayWorkspace/Shop/, , Project: ProjectReference(file:/C:/Users/BAM/Documents/Workspaces/PlayWorkspace/Shop/,root))),true,None)
Sending msg to client play-fork-run-5f6af6ff-e424-4287-bb1a-888aff84c618: TaskStarted(45,8599,Some(AttributeKey[sbt.IvySbt$Module]("ivyModule") in Scope(Build: file:/C:/Users/BAM/Documents/Workspaces/PlayWorkspace/Shop/, , Project: ProjectReference(file:/C:/Users/BAM/Documents/Workspaces/PlayWorkspace/Shop/,root))))
Sending msg to client play-fork-run-5f6af6ff-e424-4287-bb1a-888aff84c618: TaskFinished(45,8679,Some(AttributeKey[scala.collection.Seq[sbt.Attributed[java.io.File]]]("unmanagedJars") in Scope(Build: file:/C:/Users/BAM/Documents/Workspaces/PlayWorkspace/Shop/, , Project: ProjectReference(file:/C:/Users/BAM/Documents/Workspaces/PlayWorkspace/Shop/,root), Config: compile)),true,None)
Sending msg to client play-fork-run-5f6af6ff-e424-4287-bb1a-888aff84c618: TaskStarted(45,8678,None)
Sending msg to client play-fork-run-5f6af6ff-e424-4287-bb1a-888aff84c618: TaskFinished(45,8599,Some(AttributeKey[sbt.IvySbt$Module]("ivyModule") in Scope(Build: file:/C:/Users/BAM/Documents/Workspaces/PlayWorkspace/Shop/, , Project: ProjectReference(file:/C:/Users/BAM/Documents/Workspaces/PlayWorkspace/Shop/,root))),true,None)
Sending msg to client play-fork-run-5f6af6ff-e424-4287-bb1a-888aff84c618: TaskFinished(45,8678,None,true,None)
Sending msg to client play-fork-run-5f6af6ff-e424-4287-bb1a-888aff84c618: TaskStarted(45,8677,None)
Sending msg to client play-fork-run-5f6af6ff-e424-4287-bb1a-888aff84c618: TaskFinished(45,8677,None,true,None)
Sending msg to client play-fork-run-5f6af6ff-e424-4287-bb1a-888aff84c618: TaskFinished(45,8624,None,true,None)
Sending msg to client play-fork-run-5f6af6ff-e424-4287-bb1a-888aff84c618: TaskStarted(45,8622,Some(AttributeKey[scala.collection.Seq[sbt.Attributed[java.io.File]]]("unmanagedClasspath") in Scope(Build: file:/C:/Users/BAM/Documents/Workspaces/PlayWorkspace/Shop/, , Project: ProjectReference(file:/C:/Users/BAM/Documents/Workspaces/PlayWorkspace/Shop/,root), Config: compile)))
Sending msg to client play-fork-run-5f6af6ff-e424-4287-bb1a-888aff84c618: TaskFinished(45,8622,Some(AttributeKey[scala.collection.Seq[sbt.Attributed[java.io.File]]]("unmanagedClasspath") in Scope(Build: file:/C:/Users/BAM/Documents/Workspaces/PlayWorkspace/Shop/, , Project: ProjectReference(file:/C:/Users/BAM/Documents/Workspaces/PlayWorkspace/Shop/,root), Config: compile)),true,None)
Sending msg to client play-fork-run-5f6af6ff-e424-4287-bb1a-888aff84c618: TaskFinished(45,8590,Some(AttributeKey[scala.collection.immutable.Map[sbt.ModuleID,sbt.SourcePosition]]("dependencyPositions") in Scope(Build: file:/C:/Users/BAM/Documents/Workspaces/PlayWorkspace/Shop/, , Project: ProjectReference(file:/C:/Users/BAM/Documents/Workspaces/PlayWorkspace/Shop/,root))),true,None)
Sending msg to client play-fork-run-5f6af6ff-e424-4287-bb1a-888aff84c618: TaskStarted(45,8589,Some(AttributeKey[sbt.UnresolvedWarningConfiguration]("unresolvedWarningConfiguration") in Scope(Build: file:/C:/Users/BAM/Documents/Workspaces/PlayWorkspace/Shop/, , Project: ProjectReference(file:/C:/Users/BAM/Documents/Workspaces/PlayWorkspace/Shop/,root), Task: AttributeKey[sbt.UpdateReport]("update"))))
Sending msg to client play-fork-run-5f6af6ff-e424-4287-bb1a-888aff84c618: TaskFinished(45,8589,Some(AttributeKey[sbt.UnresolvedWarningConfiguration]("unresolvedWarningConfiguration") in Scope(Build: file:/C:/Users/BAM/Documents/Workspaces/PlayWorkspace/Shop/, , Project: ProjectReference(file:/C:/Users/BAM/Documents/Workspaces/PlayWorkspace/Shop/,root), Task: AttributeKey[sbt.UpdateReport]("update"))),true,None)
Sending msg to client play-fork-run-5f6af6ff-e424-4287-bb1a-888aff84c618: TaskStarted(45,8585,Some(AttributeKey[sbt.UpdateReport]("update") in Scope(Build: file:/C:/Users/BAM/Documents/Workspaces/PlayWorkspace/Shop/, , Project: ProjectReference(file:/C:/Users/BAM/Documents/Workspaces/PlayWorkspace/Shop/,root))))
Sending msg to client play-fork-run-5f6af6ff-e424-4287-bb1a-888aff84c618: TaskFinished(45,8655,Some(AttributeKey[scala.collection.Seq[java.io.File]]("playRoutes") in Scope(Build: file:/C:/Users/BAM/Documents/Workspaces/PlayWorkspace/Shop/, , Project: ProjectReference(file:/C:/Users/BAM/Documents/Workspaces/PlayWorkspace/Shop/,root), Config: compile)),true,None)
Sending msg to client play-fork-run-5f6af6ff-e424-4287-bb1a-888aff84c618: TaskFinished(45,8663,None,true,None)
Sending msg to client play-fork-run-5f6af6ff-e424-4287-bb1a-888aff84c618: TaskStarted(45,8662,Some(AttributeKey[scala.collection.Seq[java.io.File]]("twirlCompileTemplates") in Scope(Build: file:/C:/Users/BAM/Documents/Workspaces/PlayWorkspace/Shop/, , Project: ProjectReference(file:/C:/Users/BAM/Documents/Workspaces/PlayWorkspace/Shop/,root), Config: compile)))
Sending msg to client play-fork-run-5f6af6ff-e424-4287-bb1a-888aff84c618: TaskFinished(45,8662,Some(AttributeKey[scala.collection.Seq[java.io.File]]("twirlCompileTemplates") in Scope(Build: file:/C:/Users/BAM/Documents/Workspaces/PlayWorkspace/Shop/, , Project: ProjectReference(file:/C:/Users/BAM/Documents/Workspaces/PlayWorkspace/Shop/,root), Config: compile)),true,None)
Sending msg to client play-fork-run-5f6af6ff-e424-4287-bb1a-888aff84c618: TaskStarted(45,8654,None)
Sending msg to client play-fork-run-5f6af6ff-e424-4287-bb1a-888aff84c618: TaskFinished(45,8654,None,true,None)
Sending msg to client play-fork-run-5f6af6ff-e424-4287-bb1a-888aff84c618: TaskStarted(45,8653,Some(AttributeKey[scala.collection.Seq[java.io.File]]("managedSources") in Scope(Build: file:/C:/Users/BAM/Documents/Workspaces/PlayWorkspace/Shop/, , Project: ProjectReference(file:/C:/Users/BAM/Documents/Workspaces/PlayWorkspace/Shop/,root), Config: compile)))
Sending msg to client play-fork-run-5f6af6ff-e424-4287-bb1a-888aff84c618: TaskFinished(45,8653,Some(AttributeKey[scala.collection.Seq[java.io.File]]("managedSources") in Scope(Build: file:/C:/Users/BAM/Documents/Workspaces/PlayWorkspace/Shop/, , Project: ProjectReference(file:/C:/Users/BAM/Documents/Workspaces/PlayWorkspace/Shop/,root), Config: compile)),true,None)
Sending msg to client play-fork-run-5f6af6ff-e424-4287-bb1a-888aff84c618: TaskStarted(45,8652,Some(AttributeKey[scala.collection.Seq[java.io.File]]("sources") in Scope(Build: file:/C:/Users/BAM/Documents/Workspaces/PlayWorkspace/Shop/, , Project: ProjectReference(file:/C:/Users/BAM/Documents/Workspaces/PlayWorkspace/Shop/,root), Config: compile)))
Sending msg to client play-fork-run-5f6af6ff-e424-4287-bb1a-888aff84c618: TaskFinished(45,8652,Some(AttributeKey[scala.collection.Seq[java.io.File]]("sources") in Scope(Build: file:/C:/Users/BAM/Documents/Workspaces/PlayWorkspace/Shop/, , Project: ProjectReference(file:/C:/Users/BAM/Documents/Workspaces/PlayWorkspace/Shop/,root), Config: compile)),true,None)
Sending msg to client play-fork-run-5f6af6ff-e424-4287-bb1a-888aff84c618: TaskFinished(45,8585,Some(AttributeKey[sbt.UpdateReport]("update") in Scope(Build: file:/C:/Users/BAM/Documents/Workspaces/PlayWorkspace/Shop/, , Project: ProjectReference(file:/C:/Users/BAM/Documents/Workspaces/PlayWorkspace/Shop/,root))),true,None)
Sending msg to client play-fork-run-5f6af6ff-e424-4287-bb1a-888aff84c618: TaskStarted(45,8584,Some(AttributeKey[sbt.UpdateReport]("update") in Scope(Build: file:/C:/Users/BAM/Documents/Workspaces/PlayWorkspace/Shop/, , Project: ProjectReference(file:/C:/Users/BAM/Documents/Workspaces/PlayWorkspace/Shop/,root))))
Sending msg to client play-fork-run-5f6af6ff-e424-4287-bb1a-888aff84c618: TaskFinished(45,8584,Some(AttributeKey[sbt.UpdateReport]("update") in Scope(Build: file:/C:/Users/BAM/Documents/Workspaces/PlayWorkspace/Shop/, , Project: ProjectReference(file:/C:/Users/BAM/Documents/Workspaces/PlayWorkspace/Shop/,root))),true,None)
Sending msg to client play-fork-run-5f6af6ff-e424-4287-bb1a-888aff84c618: TaskStarted(45,8582,Some(AttributeKey[sbt.Configuration]("classpathConfiguration") in Scope(Build: file:/C:/Users/BAM/Documents/Workspaces/PlayWorkspace/Shop/, , Project: ProjectReference(file:/C:/Users/BAM/Documents/Workspaces/PlayWorkspace/Shop/,root), Config: compile)))
Sending msg to client play-fork-run-5f6af6ff-e424-4287-bb1a-888aff84c618: TaskStarted(45,8630,Some(AttributeKey[scala.collection.Seq[java.lang.String]]("scalacOptions") in Scope(Build: file:/C:/Users/BAM/Documents/Workspaces/PlayWorkspace/Shop/, , Project: ProjectReference(file:/C:/Users/BAM/Documents/Workspaces/PlayWorkspace/Shop/,root), Config: compile)))
Sending msg to client play-fork-run-5f6af6ff-e424-4287-bb1a-888aff84c618: TaskStarted(45,8687,None)
Sending msg to client play-fork-run-5f6af6ff-e424-4287-bb1a-888aff84c618: TaskFinished(45,8582,Some(AttributeKey[sbt.Configuration]("classpathConfiguration") in Scope(Build: file:/C:/Users/BAM/Documents/Workspaces/PlayWorkspace/Shop/, , Project: ProjectReference(file:/C:/Users/BAM/Documents/Workspaces/PlayWorkspace/Shop/,root), Config: compile)),true,None)
Sending msg to client play-fork-run-5f6af6ff-e424-4287-bb1a-888aff84c618: TaskStarted(45,8581,None)
Sending msg to client play-fork-run-5f6af6ff-e424-4287-bb1a-888aff84c618: TaskStarted(45,8620,None)
Sending msg to client play-fork-run-5f6af6ff-e424-4287-bb1a-888aff84c618: TaskFinished(45,8687,None,true,None)
Sending msg to client play-fork-run-5f6af6ff-e424-4287-bb1a-888aff84c618: TaskFinished(45,8666,Some(AttributeKey[sbt.ScalaInstance]("scalaInstance") in Scope(Build: file:/C:/Users/BAM/Documents/Workspaces/PlayWorkspace/Shop/, , Project: ProjectReference(file:/C:/Users/BAM/Documents/Workspaces/PlayWorkspace/Shop/,root))),true,None)
Sending msg to client play-fork-run-5f6af6ff-e424-4287-bb1a-888aff84c618: TaskStarted(45,8665,Some(AttributeKey[sbt.Compiler$Compilers]("compilers") in Scope(Global)))
Sending msg to client play-fork-run-5f6af6ff-e424-4287-bb1a-888aff84c618: TaskFinished(45,8630,Some(AttributeKey[scala.collection.Seq[java.lang.String]]("scalacOptions") in Scope(Build: file:/C:/Users/BAM/Documents/Workspaces/PlayWorkspace/Shop/, , Project: ProjectReference(file:/C:/Users/BAM/Documents/Workspaces/PlayWorkspace/Shop/,root), Config: compile)),true,None)
Sending msg to client play-fork-run-5f6af6ff-e424-4287-bb1a-888aff84c618: TaskStarted(45,8695,None)
Sending msg to client play-fork-run-5f6af6ff-e424-4287-bb1a-888aff84c618: TaskStarted(45,8696,None)
Sending msg to client play-fork-run-5f6af6ff-e424-4287-bb1a-888aff84c618: TaskFinished(45,8695,None,true,None)
Sending msg to client play-fork-run-5f6af6ff-e424-4287-bb1a-888aff84c618: TaskFinished(45,8620,None,true,None)
Sending msg to client play-fork-run-5f6af6ff-e424-4287-bb1a-888aff84c618: TaskStarted(45,8619,Some(AttributeKey[scala.collection.Seq[sbt.Attributed[java.io.File]]]("managedClasspath") in Scope(Build: file:/C:/Users/BAM/Documents/Workspaces/PlayWorkspace/Shop/, , Project: ProjectReference(file:/C:/Users/BAM/Documents/Workspaces/PlayWorkspace/Shop/,root), Config: compile)))
Sending msg to client play-fork-run-5f6af6ff-e424-4287-bb1a-888aff84c618: TaskFinished(45,8696,None,true,None)
Sending msg to client play-fork-run-5f6af6ff-e424-4287-bb1a-888aff84c618: TaskStarted(45,8694,None)
Sending msg to client play-fork-run-5f6af6ff-e424-4287-bb1a-888aff84c618: TaskFinished(45,8665,Some(AttributeKey[sbt.Compiler$Compilers]("compilers") in Scope(Global)),true,None)
Sending msg to client play-fork-run-5f6af6ff-e424-4287-bb1a-888aff84c618: TaskFinished(45,8694,None,true,None)
Sending msg to client play-fork-run-5f6af6ff-e424-4287-bb1a-888aff84c618: TaskStarted(45,8693,None)
Sending msg to client play-fork-run-5f6af6ff-e424-4287-bb1a-888aff84c618: TaskFinished(45,8693,None,true,None)
Sending msg to client play-fork-run-5f6af6ff-e424-4287-bb1a-888aff84c618: TaskFinished(45,8581,None,true,None)
Sending msg to client play-fork-run-5f6af6ff-e424-4287-bb1a-888aff84c618: TaskStarted(45,8579,Some(AttributeKey[scala.collection.Seq[sbt.Attributed[java.io.File]]]("internalDependencyClasspath") in Scope(Build: file:/C:/Users/BAM/Documents/Workspaces/PlayWorkspace/Shop/, , Project: ProjectReference(file:/C:/Users/BAM/Documents/Workspaces/PlayWorkspace/Shop/,root), Config: compile)))
Sending msg to client play-fork-run-5f6af6ff-e424-4287-bb1a-888aff84c618: TaskFinished(45,8579,Some(AttributeKey[scala.collection.Seq[sbt.Attributed[java.io.File]]]("internalDependencyClasspath") in Scope(Build: file:/C:/Users/BAM/Documents/Workspaces/PlayWorkspace/Shop/, , Project: ProjectReference(file:/C:/Users/BAM/Documents/Workspaces/PlayWorkspace/Shop/,root), Config: compile)),true,None)
Sending msg to client play-fork-run-5f6af6ff-e424-4287-bb1a-888aff84c618: TaskFinished(45,8619,Some(AttributeKey[scala.collection.Seq[sbt.Attributed[java.io.File]]]("managedClasspath") in Scope(Build: file:/C:/Users/BAM/Documents/Workspaces/PlayWorkspace/Shop/, , Project: ProjectReference(file:/C:/Users/BAM/Documents/Workspaces/PlayWorkspace/Shop/,root), Config: compile)),true,None)
Sending msg to client play-fork-run-5f6af6ff-e424-4287-bb1a-888aff84c618: TaskStarted(45,8618,None)
Sending msg to client play-fork-run-5f6af6ff-e424-4287-bb1a-888aff84c618: TaskFinished(45,8618,None,true,None)
Sending msg to client play-fork-run-5f6af6ff-e424-4287-bb1a-888aff84c618: TaskStarted(45,8617,Some(AttributeKey[scala.collection.Seq[sbt.Attributed[java.io.File]]]("externalDependencyClasspath") in Scope(Build: file:/C:/Users/BAM/Documents/Workspaces/PlayWorkspace/Shop/, , Project: ProjectReference(file:/C:/Users/BAM/Documents/Workspaces/PlayWorkspace/Shop/,root), Config: compile)))
Sending msg to client play-fork-run-5f6af6ff-e424-4287-bb1a-888aff84c618: TaskFinished(45,8617,Some(AttributeKey[scala.collection.Seq[sbt.Attributed[java.io.File]]]("externalDependencyClasspath") in Scope(Build: file:/C:/Users/BAM/Documents/Workspaces/PlayWorkspace/Shop/, , Project: ProjectReference(file:/C:/Users/BAM/Documents/Workspaces/PlayWorkspace/Shop/,root), Config: compile)),true,None)
Sending msg to client play-fork-run-5f6af6ff-e424-4287-bb1a-888aff84c618: TaskStarted(45,8578,None)
Sending msg to client play-fork-run-5f6af6ff-e424-4287-bb1a-888aff84c618: TaskFinished(45,8578,None,true,None)
Sending msg to client play-fork-run-5f6af6ff-e424-4287-bb1a-888aff84c618: TaskStarted(45,8577,Some(AttributeKey[scala.collection.Seq[sbt.Attributed[java.io.File]]]("dependencyClasspath") in Scope(Build: file:/C:/Users/BAM/Documents/Workspaces/PlayWorkspace/Shop/, , Project: ProjectReference(file:/C:/Users/BAM/Documents/Workspaces/PlayWorkspace/Shop/,root), Config: compile)))
Sending msg to client play-fork-run-5f6af6ff-e424-4287-bb1a-888aff84c618: TaskFinished(45,8577,Some(AttributeKey[scala.collection.Seq[sbt.Attributed[java.io.File]]]("dependencyClasspath") in Scope(Build: file:/C:/Users/BAM/Documents/Workspaces/PlayWorkspace/Shop/, , Project: ProjectReference(file:/C:/Users/BAM/Documents/Workspaces/PlayWorkspace/Shop/,root), Config: compile)),true,None)
Sending msg to client play-fork-run-5f6af6ff-e424-4287-bb1a-888aff84c618: TaskStarted(45,8571,Some(AttributeKey[scala.Function1[sbt.compiler.IC$Result,sbt.compiler.IC$Result]]("playEnhancerGenerateAccessors") in Scope(Build: file:/C:/Users/BAM/Documents/Workspaces/PlayWorkspace/Shop/, , Project: ProjectReference(file:/C:/Users/BAM/Documents/Workspaces/PlayWorkspace/Shop/,root), Config: compile)))
Sending msg to client play-fork-run-5f6af6ff-e424-4287-bb1a-888aff84c618: TaskStarted(45,8635,Some(AttributeKey[sbt.Compiler$IncSetup]("incCompileSetup") in Scope(Build: file:/C:/Users/BAM/Documents/Workspaces/PlayWorkspace/Shop/, , Project: ProjectReference(file:/C:/Users/BAM/Documents/Workspaces/PlayWorkspace/Shop/,root), Config: compile)))
Sending msg to client play-fork-run-5f6af6ff-e424-4287-bb1a-888aff84c618: TaskStarted(45,8674,Some(AttributeKey[scala.Function1[sbt.compiler.IC$Result,sbt.compiler.IC$Result]]("playEnhancerRewriteAccessors") in Scope(Build: file:/C:/Users/BAM/Documents/Workspaces/PlayWorkspace/Shop/, , Project: ProjectReference(file:/C:/Users/BAM/Documents/Workspaces/PlayWorkspace/Shop/,root), Config: compile)))
Sending msg to client play-fork-run-5f6af6ff-e424-4287-bb1a-888aff84c618: TaskFinished(45,8571,Some(AttributeKey[scala.Function1[sbt.compiler.IC$Result,sbt.compiler.IC$Result]]("playEnhancerGenerateAccessors") in Scope(Build: file:/C:/Users/BAM/Documents/Workspaces/PlayWorkspace/Shop/, , Project: ProjectReference(file:/C:/Users/BAM/Documents/Workspaces/PlayWorkspace/Shop/,root), Config: compile)),true,None)
Sending msg to client play-fork-run-5f6af6ff-e424-4287-bb1a-888aff84c618: TaskFinished(45,8635,Some(AttributeKey[sbt.Compiler$IncSetup]("incCompileSetup") in Scope(Build: file:/C:/Users/BAM/Documents/Workspaces/PlayWorkspace/Shop/, , Project: ProjectReference(file:/C:/Users/BAM/Documents/Workspaces/PlayWorkspace/Shop/,root), Config: compile)),true,None)
Sending msg to client play-fork-run-5f6af6ff-e424-4287-bb1a-888aff84c618: TaskStarted(45,8629,Some(AttributeKey[sbt.Compiler$Inputs]("compileInputs") in Scope(Build: file:/C:/Users/BAM/Documents/Workspaces/PlayWorkspace/Shop/, , Project: ProjectReference(file:/C:/Users/BAM/Documents/Workspaces/PlayWorkspace/Shop/,root), Config: compile, Task: AttributeKey[sbt.inc.Analysis]("compile"))))
Sending msg to client play-fork-run-5f6af6ff-e424-4287-bb1a-888aff84c618: TaskStarted(45,8669,Some(AttributeKey[sbt.Compiler$PreviousAnalysis]("readAnalysis") in Scope(Build: file:/C:/Users/BAM/Documents/Workspaces/PlayWorkspace/Shop/, , Project: ProjectReference(file:/C:/Users/BAM/Documents/Workspaces/PlayWorkspace/Shop/,root), Config: compile)))
Sending msg to client play-fork-run-5f6af6ff-e424-4287-bb1a-888aff84c618: TaskFinished(45,8674,Some(AttributeKey[scala.Function1[sbt.compiler.IC$Result,sbt.compiler.IC$Result]]("playEnhancerRewriteAccessors") in Scope(Build: file:/C:/Users/BAM/Documents/Workspaces/PlayWorkspace/Shop/, , Project: ProjectReference(file:/C:/Users/BAM/Documents/Workspaces/PlayWorkspace/Shop/,root), Config: compile)),true,None)
Sending msg to client play-fork-run-5f6af6ff-e424-4287-bb1a-888aff84c618: TaskFinished(45,8669,Some(AttributeKey[sbt.Compiler$PreviousAnalysis]("readAnalysis") in Scope(Build: file:/C:/Users/BAM/Documents/Workspaces/PlayWorkspace/Shop/, , Project: ProjectReference(file:/C:/Users/BAM/Documents/Workspaces/PlayWorkspace/Shop/,root), Config: compile)),true,None)
Sending msg to client play-fork-run-5f6af6ff-e424-4287-bb1a-888aff84c618: TaskFinished(45,8629,Some(AttributeKey[sbt.Compiler$Inputs]("compileInputs") in Scope(Build: file:/C:/Users/BAM/Documents/Workspaces/PlayWorkspace/Shop/, , Project: ProjectReference(file:/C:/Users/BAM/Documents/Workspaces/PlayWorkspace/Shop/,root), Config: compile, Task: AttributeKey[sbt.inc.Analysis]("compile"))),true,None)
Sending msg to client play-fork-run-5f6af6ff-e424-4287-bb1a-888aff84c618: TaskStarted(45,8671,Some(AttributeKey[scala.Option[xsbti.Reporter]]("compilerReporter") in Scope(Build: file:/C:/Users/BAM/Documents/Workspaces/PlayWorkspace/Shop/, , Project: ProjectReference(file:/C:/Users/BAM/Documents/Workspaces/PlayWorkspace/Shop/,root), Config: compile, Task: AttributeKey[sbt.inc.Analysis]("compile"))))
Sending msg to client play-fork-run-5f6af6ff-e424-4287-bb1a-888aff84c618: TaskFinished(45,8671,Some(AttributeKey[scala.Option[xsbti.Reporter]]("compilerReporter") in Scope(Build: file:/C:/Users/BAM/Documents/Workspaces/PlayWorkspace/Shop/, , Project: ProjectReference(file:/C:/Users/BAM/Documents/Workspaces/PlayWorkspace/Shop/,root), Config: compile, Task: AttributeKey[sbt.inc.Analysis]("compile"))),true,None)
Sending msg to client play-fork-run-5f6af6ff-e424-4287-bb1a-888aff84c618: TaskStarted(45,8628,Some(AttributeKey[sbt.compiler.IC$Result]("compileIncremental") in Scope(Build: file:/C:/Users/BAM/Documents/Workspaces/PlayWorkspace/Shop/, , Project: ProjectReference(file:/C:/Users/BAM/Documents/Workspaces/PlayWorkspace/Shop/,root), Config: compile)))
Sending msg to client play-fork-run-5f6af6ff-e424-4287-bb1a-888aff84c618: TaskLogEvent(8628,LogMessage(debug,
Initial source changes: 
	removed:Set()
	added: Set()
	modified: Set(C:\Users\BAM\Documents\Workspaces\PlayWorkspace\Shop\app\controllers\CategoryController.java, C:\Users\BAM\Documents\Workspaces\PlayWorkspace\Shop\app\models\Item.java)
Removed products: Set()
External API changes: API Changes: Set()
Modified binary dependencies: Set()
Initial directly invalidated sources: Set(C:\Users\BAM\Documents\Workspaces\PlayWorkspace\Shop\app\controllers\CategoryController.java, C:\Users\BAM\Documents\Workspaces\PlayWorkspace\Shop\app\models\Item.java)

Sources indirectly invalidated by:
	product: Set()
	binary dep: Set()
	external source: Set()))
Sending msg to client play-fork-run-5f6af6ff-e424-4287-bb1a-888aff84c618: TaskLogEvent(8628,LogMessage(debug,All initially invalidated sources: Set(C:\Users\BAM\Documents\Workspaces\PlayWorkspace\Shop\app\controllers\CategoryController.java, C:\Users\BAM\Documents\Workspaces\PlayWorkspace\Shop\app\models\Item.java)
))
Sending msg to client play-fork-run-5f6af6ff-e424-4287-bb1a-888aff84c618: TaskLogEvent(8628,LogMessage(info,Read from stdout: Compiling 2 Java sources to C:\Users\BAM\Documents\Workspaces\PlayWorkspace\Shop\target\scala-2.11\classes...))
Sending msg to client play-fork-run-5f6af6ff-e424-4287-bb1a-888aff84c618: TaskLogEvent(8628,LogMessage(info,Compiling 2 Java sources to C:\Users\BAM\Documents\Workspaces\PlayWorkspace\Shop\target\scala-2.11\classes...))
Sending msg to client play-fork-run-5f6af6ff-e424-4287-bb1a-888aff84c618: BackgroundJobLogEvent(1,LogMessage(info,Compiling 2 Java sources to C:\Users\BAM\Documents\Workspaces\PlayWorkspace\Shop\target\scala-2.11\classes...))
Sending msg to client play-fork-run-5f6af6ff-e424-4287-bb1a-888aff84c618: TaskLogEvent(8628,LogMessage(debug,Attempting to call com.sun.tools.javac.api.JavacTool@5a6f6b50 directly...))
Sending msg to client play-fork-run-5f6af6ff-e424-4287-bb1a-888aff84c618: TaskEvent(8628,LazyValue(CompilationFailure(ProjectReference(file:/C:/Users/BAM/Documents/Workspaces/PlayWorkspace/Shop/,root),Position(Some(C:\Users\BAM\Documents\Workspaces\PlayWorkspace\Shop\app\controllers\CategoryController.java),Some(C:\Users\BAM\Documents\Workspaces\PlayWorkspace\Shop\app\controllers\CategoryController.java),Some(6),,Some(77),None,None),Error,package play.data.FromFactory does not exist),sbt.protocol.package$SbtProtocolCompilationFailurePickler1$2$@5c1711d1))
Sending msg to client play-fork-run-5f6af6ff-e424-4287-bb1a-888aff84c618: TaskLogEvent(8628,LogMessage(error,Read from stdout: C:\Users\BAM\Documents\Workspaces\PlayWorkspace\Shop\app\controllers\CategoryController.java:6: package play.data.FromFactory does not exist))
Sending msg to client play-fork-run-5f6af6ff-e424-4287-bb1a-888aff84c618: TaskLogEvent(8628,LogMessage(error,C:\Users\BAM\Documents\Workspaces\PlayWorkspace\Shop\app\controllers\CategoryController.java:6: package play.data.FromFactory does not exist))
Sending msg to client play-fork-run-5f6af6ff-e424-4287-bb1a-888aff84c618: BackgroundJobLogEvent(1,LogMessage(error,C:\Users\BAM\Documents\Workspaces\PlayWorkspace\Shop\app\controllers\CategoryController.java:6: package play.data.FromFactory does not exist))
Sending msg to client play-fork-run-5f6af6ff-e424-4287-bb1a-888aff84c618: TaskEvent(8628,LazyValue(CompilationFailure(ProjectReference(file:/C:/Users/BAM/Documents/Workspaces/PlayWorkspace/Shop/,root),Position(Some(C:\Users\BAM\Documents\Workspaces\PlayWorkspace\Shop\app\models\Item.java),Some(C:\Users\BAM\Documents\Workspaces\PlayWorkspace\Shop\app\models\Item.java),Some(7),List,Some(121),None,None),Error,cannot find symbol
  symbol:   class List
  location: class models.Item),sbt.protocol.package$SbtProtocolCompilationFailurePickler1$2$@5c1711d1))
Sending msg to client play-fork-run-5f6af6ff-e424-4287-bb1a-888aff84c618: TaskLogEvent(8628,LogMessage(error,Read from stdout: C:\Users\BAM\Documents\Workspaces\PlayWorkspace\Shop\app\models\Item.java:7: cannot find symbol))
Sending msg to client play-fork-run-5f6af6ff-e424-4287-bb1a-888aff84c618: TaskLogEvent(8628,LogMessage(error,Read from stdout: symbol:   class List))
Sending msg to client play-fork-run-5f6af6ff-e424-4287-bb1a-888aff84c618: TaskLogEvent(8628,LogMessage(error,Read from stdout: location: class models.Item))
Sending msg to client play-fork-run-5f6af6ff-e424-4287-bb1a-888aff84c618: TaskLogEvent(8628,LogMessage(error,C:\Users\BAM\Documents\Workspaces\PlayWorkspace\Shop\app\models\Item.java:7: cannot find symbol
  symbol:   class List
  location: class models.Item))
Sending msg to client play-fork-run-5f6af6ff-e424-4287-bb1a-888aff84c618: TaskLogEvent(8628,LogMessage(error,Read from stdout: List))
Sending msg to client play-fork-run-5f6af6ff-e424-4287-bb1a-888aff84c618: BackgroundJobLogEvent(1,LogMessage(error,C:\Users\BAM\Documents\Workspaces\PlayWorkspace\Shop\app\models\Item.java:7: cannot find symbol))
Sending msg to client play-fork-run-5f6af6ff-e424-4287-bb1a-888aff84c618: TaskLogEvent(8628,LogMessage(error,List))
Sending msg to client play-fork-run-5f6af6ff-e424-4287-bb1a-888aff84c618: BackgroundJobLogEvent(1,LogMessage(error,  symbol:   class List))
Sending msg to client play-fork-run-5f6af6ff-e424-4287-bb1a-888aff84c618: BackgroundJobLogEvent(1,LogMessage(error,  location: class models.Item))
Sending msg to client play-fork-run-5f6af6ff-e424-4287-bb1a-888aff84c618: BackgroundJobLogEvent(1,LogMessage(error,List))
Sending msg to client play-fork-run-5f6af6ff-e424-4287-bb1a-888aff84c618: TaskEvent(8628,LazyValue(CompilationFailure(ProjectReference(file:/C:/Users/BAM/Documents/Workspaces/PlayWorkspace/Shop/,root),Position(Some(C:\Users\BAM\Documents\Workspaces\PlayWorkspace\Shop\app\models\Item.java),Some(C:\Users\BAM\Documents\Workspaces\PlayWorkspace\Shop\app\models\Item.java),Some(7),FilePart,Some(126),None,None),Error,cannot find symbol
  symbol:   class FilePart
  location: class models.Item),sbt.protocol.package$SbtProtocolCompilationFailurePickler1$2$@5c1711d1))
Sending msg to client play-fork-run-5f6af6ff-e424-4287-bb1a-888aff84c618: TaskLogEvent(8628,LogMessage(error,Read from stdout: C:\Users\BAM\Documents\Workspaces\PlayWorkspace\Shop\app\models\Item.java:7: cannot find symbol))
Sending msg to client play-fork-run-5f6af6ff-e424-4287-bb1a-888aff84c618: TaskLogEvent(8628,LogMessage(error,Read from stdout: symbol:   class FilePart))
Sending msg to client play-fork-run-5f6af6ff-e424-4287-bb1a-888aff84c618: TaskLogEvent(8628,LogMessage(error,Read from stdout: location: class models.Item))
Sending msg to client play-fork-run-5f6af6ff-e424-4287-bb1a-888aff84c618: TaskLogEvent(8628,LogMessage(error,C:\Users\BAM\Documents\Workspaces\PlayWorkspace\Shop\app\models\Item.java:7: cannot find symbol
  symbol:   class FilePart
  location: class models.Item))
Sending msg to client play-fork-run-5f6af6ff-e424-4287-bb1a-888aff84c618: TaskLogEvent(8628,LogMessage(error,Read from stdout: FilePart))
Sending msg to client play-fork-run-5f6af6ff-e424-4287-bb1a-888aff84c618: BackgroundJobLogEvent(1,LogMessage(error,C:\Users\BAM\Documents\Workspaces\PlayWorkspace\Shop\app\models\Item.java:7: cannot find symbol))
Sending msg to client play-fork-run-5f6af6ff-e424-4287-bb1a-888aff84c618: TaskLogEvent(8628,LogMessage(error,FilePart))
Sending msg to client play-fork-run-5f6af6ff-e424-4287-bb1a-888aff84c618: BackgroundJobLogEvent(1,LogMessage(error,  symbol:   class FilePart))
Sending msg to client play-fork-run-5f6af6ff-e424-4287-bb1a-888aff84c618: BackgroundJobLogEvent(1,LogMessage(error,  location: class models.Item))
Sending msg to client play-fork-run-5f6af6ff-e424-4287-bb1a-888aff84c618: BackgroundJobLogEvent(1,LogMessage(error,FilePart))
Sending msg to client play-fork-run-5f6af6ff-e424-4287-bb1a-888aff84c618: TaskEvent(8628,LazyValue(CompilationFailure(ProjectReference(file:/C:/Users/BAM/Documents/Workspaces/PlayWorkspace/Shop/,root),Position(Some(C:\Users\BAM\Documents\Workspaces\PlayWorkspace\Shop\app\models\Item.java),Some(C:\Users\BAM\Documents\Workspaces\PlayWorkspace\Shop\app\models\Item.java),Some(10),List,Some(221),None,None),Error,cannot find symbol
  symbol:   class List
  location: class models.Item),sbt.protocol.package$SbtProtocolCompilationFailurePickler1$2$@5c1711d1))
Sending msg to client play-fork-run-5f6af6ff-e424-4287-bb1a-888aff84c618: TaskLogEvent(8628,LogMessage(error,Read from stdout: C:\Users\BAM\Documents\Workspaces\PlayWorkspace\Shop\app\models\Item.java:10: cannot find symbol))
Sending msg to client play-fork-run-5f6af6ff-e424-4287-bb1a-888aff84c618: TaskLogEvent(8628,LogMessage(error,Read from stdout: symbol:   class List))
Sending msg to client play-fork-run-5f6af6ff-e424-4287-bb1a-888aff84c618: TaskLogEvent(8628,LogMessage(error,Read from stdout: location: class models.Item))
Sending msg to client play-fork-run-5f6af6ff-e424-4287-bb1a-888aff84c618: TaskLogEvent(8628,LogMessage(error,C:\Users\BAM\Documents\Workspaces\PlayWorkspace\Shop\app\models\Item.java:10: cannot find symbol
  symbol:   class List
  location: class models.Item))
Sending msg to client play-fork-run-5f6af6ff-e424-4287-bb1a-888aff84c618: TaskLogEvent(8628,LogMessage(error,Read from stdout: List))
Sending msg to client play-fork-run-5f6af6ff-e424-4287-bb1a-888aff84c618: BackgroundJobLogEvent(1,LogMessage(error,C:\Users\BAM\Documents\Workspaces\PlayWorkspace\Shop\app\models\Item.java:10: cannot find symbol))
Sending msg to client play-fork-run-5f6af6ff-e424-4287-bb1a-888aff84c618: TaskLogEvent(8628,LogMessage(error,List))
Sending msg to client play-fork-run-5f6af6ff-e424-4287-bb1a-888aff84c618: BackgroundJobLogEvent(1,LogMessage(error,  symbol:   class List))
Sending msg to client play-fork-run-5f6af6ff-e424-4287-bb1a-888aff84c618: BackgroundJobLogEvent(1,LogMessage(error,  location: class models.Item))
Sending msg to client play-fork-run-5f6af6ff-e424-4287-bb1a-888aff84c618: BackgroundJobLogEvent(1,LogMessage(error,List))
Sending msg to client play-fork-run-5f6af6ff-e424-4287-bb1a-888aff84c618: TaskEvent(8628,LazyValue(CompilationFailure(ProjectReference(file:/C:/Users/BAM/Documents/Workspaces/PlayWorkspace/Shop/,root),Position(Some(C:\Users\BAM\Documents\Workspaces\PlayWorkspace\Shop\app\models\Item.java),Some(C:\Users\BAM\Documents\Workspaces\PlayWorkspace\Shop\app\models\Item.java),Some(10),FilePart,Some(226),None,None),Error,cannot find symbol
  symbol:   class FilePart
  location: class models.Item),sbt.protocol.package$SbtProtocolCompilationFailurePickler1$2$@5c1711d1))
Sending msg to client play-fork-run-5f6af6ff-e424-4287-bb1a-888aff84c618: TaskLogEvent(8628,LogMessage(error,Read from stdout: C:\Users\BAM\Documents\Workspaces\PlayWorkspace\Shop\app\models\Item.java:10: cannot find symbol))
Sending msg to client play-fork-run-5f6af6ff-e424-4287-bb1a-888aff84c618: TaskLogEvent(8628,LogMessage(error,Read from stdout: symbol:   class FilePart))
Sending msg to client play-fork-run-5f6af6ff-e424-4287-bb1a-888aff84c618: TaskLogEvent(8628,LogMessage(error,Read from stdout: location: class models.Item))
Sending msg to client play-fork-run-5f6af6ff-e424-4287-bb1a-888aff84c618: TaskLogEvent(8628,LogMessage(error,C:\Users\BAM\Documents\Workspaces\PlayWorkspace\Shop\app\models\Item.java:10: cannot find symbol
  symbol:   class FilePart
  location: class models.Item))
Sending msg to client play-fork-run-5f6af6ff-e424-4287-bb1a-888aff84c618: TaskLogEvent(8628,LogMessage(error,Read from stdout: FilePart))
Sending msg to client play-fork-run-5f6af6ff-e424-4287-bb1a-888aff84c618: TaskLogEvent(8628,LogMessage(error,FilePart))
Sending msg to client play-fork-run-5f6af6ff-e424-4287-bb1a-888aff84c618: BackgroundJobLogEvent(1,LogMessage(error,C:\Users\BAM\Documents\Workspaces\PlayWorkspace\Shop\app\models\Item.java:10: cannot find symbol))
Sending msg to client play-fork-run-5f6af6ff-e424-4287-bb1a-888aff84c618: BackgroundJobLogEvent(1,LogMessage(error,  symbol:   class FilePart))
Sending msg to client play-fork-run-5f6af6ff-e424-4287-bb1a-888aff84c618: BackgroundJobLogEvent(1,LogMessage(error,  location: class models.Item))
Sending msg to client play-fork-run-5f6af6ff-e424-4287-bb1a-888aff84c618: BackgroundJobLogEvent(1,LogMessage(error,FilePart))
Sending msg to client play-fork-run-5f6af6ff-e424-4287-bb1a-888aff84c618: TaskEvent(8628,LazyValue(CompilationFailure(ProjectReference(file:/C:/Users/BAM/Documents/Workspaces/PlayWorkspace/Shop/,root),Position(Some(C:\Users\BAM\Documents\Workspaces\PlayWorkspace\Shop\app\models\Item.java),Some(C:\Users\BAM\Documents\Workspaces\PlayWorkspace\Shop\app\models\Item.java),Some(11),potos,Some(260),None,None),Error,cannot find symbol
  symbol:   variable potos
  location: class models.Item),sbt.protocol.package$SbtProtocolCompilationFailurePickler1$2$@5c1711d1))
Sending msg to client play-fork-run-5f6af6ff-e424-4287-bb1a-888aff84c618: TaskLogEvent(8628,LogMessage(error,Read from stdout: C:\Users\BAM\Documents\Workspaces\PlayWorkspace\Shop\app\models\Item.java:11: cannot find symbol))
Sending msg to client play-fork-run-5f6af6ff-e424-4287-bb1a-888aff84c618: TaskLogEvent(8628,LogMessage(error,Read from stdout: symbol:   variable potos))
Sending msg to client play-fork-run-5f6af6ff-e424-4287-bb1a-888aff84c618: TaskLogEvent(8628,LogMessage(error,Read from stdout: location: class models.Item))
Sending msg to client play-fork-run-5f6af6ff-e424-4287-bb1a-888aff84c618: TaskLogEvent(8628,LogMessage(error,C:\Users\BAM\Documents\Workspaces\PlayWorkspace\Shop\app\models\Item.java:11: cannot find symbol
  symbol:   variable potos
  location: class models.Item))
Sending msg to client play-fork-run-5f6af6ff-e424-4287-bb1a-888aff84c618: TaskLogEvent(8628,LogMessage(error,Read from stdout: potos))
Sending msg to client play-fork-run-5f6af6ff-e424-4287-bb1a-888aff84c618: BackgroundJobLogEvent(1,LogMessage(error,C:\Users\BAM\Documents\Workspaces\PlayWorkspace\Shop\app\models\Item.java:11: cannot find symbol))
Sending msg to client play-fork-run-5f6af6ff-e424-4287-bb1a-888aff84c618: BackgroundJobLogEvent(1,LogMessage(error,  symbol:   variable potos))
Sending msg to client play-fork-run-5f6af6ff-e424-4287-bb1a-888aff84c618: TaskLogEvent(8628,LogMessage(error,potos))
Sending msg to client play-fork-run-5f6af6ff-e424-4287-bb1a-888aff84c618: BackgroundJobLogEvent(1,LogMessage(error,  location: class models.Item))
Sending msg to client play-fork-run-5f6af6ff-e424-4287-bb1a-888aff84c618: BackgroundJobLogEvent(1,LogMessage(error,potos))
Sending msg to client play-fork-run-5f6af6ff-e424-4287-bb1a-888aff84c618: TaskFinished(45,8628,Some(AttributeKey[sbt.compiler.IC$Result]("compileIncremental") in Scope(Build: file:/C:/Users/BAM/Documents/Workspaces/PlayWorkspace/Shop/, , Project: ProjectReference(file:/C:/Users/BAM/Documents/Workspaces/PlayWorkspace/Shop/,root), Config: compile)),false,None)
Sending msg to client play-fork-run-5f6af6ff-e424-4287-bb1a-888aff84c618: TaskStarted(45,8627,Some(AttributeKey[sbt.compiler.IC$Result]("manipulateBytecode") in Scope(Build: file:/C:/Users/BAM/Documents/Workspaces/PlayWorkspace/Shop/, , Project: ProjectReference(file:/C:/Users/BAM/Documents/Workspaces/PlayWorkspace/Shop/,root), Config: compile)))
Sending msg to client play-fork-run-5f6af6ff-e424-4287-bb1a-888aff84c618: TaskFinished(45,8627,Some(AttributeKey[sbt.compiler.IC$Result]("manipulateBytecode") in Scope(Build: file:/C:/Users/BAM/Documents/Workspaces/PlayWorkspace/Shop/, , Project: ProjectReference(file:/C:/Users/BAM/Documents/Workspaces/PlayWorkspace/Shop/,root), Config: compile)),false,None)
Sending msg to client play-fork-run-5f6af6ff-e424-4287-bb1a-888aff84c618: TaskStarted(45,8570,Some(AttributeKey[sbt.compiler.IC$Result]("manipulateBytecode") in Scope(Build: file:/C:/Users/BAM/Documents/Workspaces/PlayWorkspace/Shop/, , Project: ProjectReference(file:/C:/Users/BAM/Documents/Workspaces/PlayWorkspace/Shop/,root), Config: compile)))
Sending msg to client play-fork-run-5f6af6ff-e424-4287-bb1a-888aff84c618: TaskFinished(45,8570,Some(AttributeKey[sbt.compiler.IC$Result]("manipulateBytecode") in Scope(Build: file:/C:/Users/BAM/Documents/Workspaces/PlayWorkspace/Shop/, , Project: ProjectReference(file:/C:/Users/BAM/Documents/Workspaces/PlayWorkspace/Shop/,root), Config: compile)),false,None)
Sending msg to client play-fork-run-5f6af6ff-e424-4287-bb1a-888aff84c618: TaskStarted(45,8569,Some(AttributeKey[sbt.inc.Analysis]("compile") in Scope(Build: file:/C:/Users/BAM/Documents/Workspaces/PlayWorkspace/Shop/, , Project: ProjectReference(file:/C:/Users/BAM/Documents/Workspaces/PlayWorkspace/Shop/,root), Config: compile)))
Sending msg to client play-fork-run-5f6af6ff-e424-4287-bb1a-888aff84c618: TaskFinished(45,8569,Some(AttributeKey[sbt.inc.Analysis]("compile") in Scope(Build: file:/C:/Users/BAM/Documents/Workspaces/PlayWorkspace/Shop/, , Project: ProjectReference(file:/C:/Users/BAM/Documents/Workspaces/PlayWorkspace/Shop/,root), Config: compile)),false,None)
Sending msg to client play-fork-run-5f6af6ff-e424-4287-bb1a-888aff84c618: TaskStarted(45,8568,None)
Sending msg to client play-fork-run-5f6af6ff-e424-4287-bb1a-888aff84c618: TaskFinished(45,8568,None,false,None)
Sending msg to client play-fork-run-5f6af6ff-e424-4287-bb1a-888aff84c618: TaskStarted(45,8567,Some(AttributeKey[sbt.inc.Analysis]("compile") in Scope(Build: file:/C:/Users/BAM/Documents/Workspaces/PlayWorkspace/Shop/, , Project: ProjectReference(file:/C:/Users/BAM/Documents/Workspaces/PlayWorkspace/Shop/,root), Config: compile)))
Sending msg to client play-fork-run-5f6af6ff-e424-4287-bb1a-888aff84c618: TaskFinished(45,8567,Some(AttributeKey[sbt.inc.Analysis]("compile") in Scope(Build: file:/C:/Users/BAM/Documents/Workspaces/PlayWorkspace/Shop/, , Project: ProjectReference(file:/C:/Users/BAM/Documents/Workspaces/PlayWorkspace/Shop/,root), Config: compile)),false,None)
Sending msg to client play-fork-run-5f6af6ff-e424-4287-bb1a-888aff84c618: TaskStarted(45,8566,Some(AttributeKey[scala.collection.Seq[java.lang.String]]("discoveredMainClasses") in Scope(Build: file:/C:/Users/BAM/Documents/Workspaces/PlayWorkspace/Shop/, , Project: ProjectReference(file:/C:/Users/BAM/Documents/Workspaces/PlayWorkspace/Shop/,root), Config: compile)))
Sending msg to client play-fork-run-5f6af6ff-e424-4287-bb1a-888aff84c618: TaskFinished(45,8566,Some(AttributeKey[scala.collection.Seq[java.lang.String]]("discoveredMainClasses") in Scope(Build: file:/C:/Users/BAM/Documents/Workspaces/PlayWorkspace/Shop/, , Project: ProjectReference(file:/C:/Users/BAM/Documents/Workspaces/PlayWorkspace/Shop/,root), Config: compile)),false,None)
Sending msg to client play-fork-run-5f6af6ff-e424-4287-bb1a-888aff84c618: TaskStarted(45,8565,None)
Sending msg to client play-fork-run-5f6af6ff-e424-4287-bb1a-888aff84c618: TaskFinished(45,8565,None,false,None)
Sending msg to client play-fork-run-5f6af6ff-e424-4287-bb1a-888aff84c618: TaskStarted(45,8564,None)
Sending msg to client play-fork-run-5f6af6ff-e424-4287-bb1a-888aff84c618: TaskFinished(45,8564,None,false,None)
Sending msg to client play-fork-run-5f6af6ff-e424-4287-bb1a-888aff84c618: DetachedLogEvent(LogMessage(error,Read from stdout: (compile:compileIncremental) javac returned nonzero exit code))
Sending msg to client play-fork-run-5f6af6ff-e424-4287-bb1a-888aff84c618: DetachedLogEvent(LogMessage(error,(compile:compileIncremental) javac returned nonzero exit code))
Sending msg to client play-fork-run-5f6af6ff-e424-4287-bb1a-888aff84c618: DetachedLogEvent(LogMessage(debug,cancel strategy finish enabled=false lastCommand=Some(LastCommand(CommandExecutionWork(ExecutionId(45),{file:/C:/Users/BAM/Documents/Workspaces/PlayWorkspace/Shop/}root/compile:discoveredMainClasses,Set(LiveClient(activator 6e25294e-6dea-4b72-9f50-ad81bf1c9330)),sbt.server.WorkCancellationStatus$$anon$1@567a3f11)))))
Sending msg to client play-fork-run-5f6af6ff-e424-4287-bb1a-888aff84c618: DetachedLogEvent(LogMessage(error,Total time: 0 s, completed 08-09-2016 08:49:17))
Sending msg to client play-fork-run-5f6af6ff-e424-4287-bb1a-888aff84c618: DetachedLogEvent(LogMessage(debug,> server-post-command-error-handler))
Sending msg to client play-fork-run-5f6af6ff-e424-4287-bb1a-888aff84c618: ExecutionFailure(45)
Sending msg to client play-fork-run-5f6af6ff-e424-4287-bb1a-888aff84c618: DetachedLogEvent(LogMessage(debug,> server-post-command-cleanup))
Sending msg to client play-fork-run-5f6af6ff-e424-4287-bb1a-888aff84c618: DetachedLogEvent(LogMessage(debug,> server-handle-next-server-request))
Sending msg to client play-fork-run-5f6af6ff-e424-4287-bb1a-888aff84c618: ExecutionStarting(46)
Sending msg to client play-fork-run-5f6af6ff-e424-4287-bb1a-888aff84c618: DetachedLogEvent(LogMessage(debug,> {file:/C:/Users/BAM/Documents/Workspaces/PlayWorkspace/Shop/}root/compile:mainClass))
Sending msg to client play-fork-run-5f6af6ff-e424-4287-bb1a-888aff84c618: DetachedLogEvent(LogMessage(debug,Evaluating tasks: compile:mainClass))
Sending msg to client play-fork-run-5f6af6ff-e424-4287-bb1a-888aff84c618: DetachedLogEvent(LogMessage(debug,Running task... Cancel: sbt.server.ServerTaskCancellation@ba03b73, check cycles: false))
Sending msg to client play-fork-run-5f6af6ff-e424-4287-bb1a-888aff84c618: DetachedLogEvent(LogMessage(debug,cancel strategy start enabled=true lastCommand=Some(LastCommand(CommandExecutionWork(ExecutionId(46),{file:/C:/Users/BAM/Documents/Workspaces/PlayWorkspace/Shop/}root/compile:mainClass,Set(LiveClient(activator 6e25294e-6dea-4b72-9f50-ad81bf1c9330)),sbt.server.WorkCancellationStatus$$anon$1@67ea1945)))))
Sending msg to client play-fork-run-5f6af6ff-e424-4287-bb1a-888aff84c618: TaskStarted(46,8699,Some(AttributeKey[scala.Option[java.lang.String]]("mainClass") in Scope(Build: file:/C:/Users/BAM/Documents/Workspaces/PlayWorkspace/Shop/, , Project: ProjectReference(file:/C:/Users/BAM/Documents/Workspaces/PlayWorkspace/Shop/,root), Config: compile)))
Sending msg to client play-fork-run-5f6af6ff-e424-4287-bb1a-888aff84c618: TaskFinished(46,8699,Some(AttributeKey[scala.Option[java.lang.String]]("mainClass") in Scope(Build: file:/C:/Users/BAM/Documents/Workspaces/PlayWorkspace/Shop/, , Project: ProjectReference(file:/C:/Users/BAM/Documents/Workspaces/PlayWorkspace/Shop/,root), Config: compile)),true,None)
Sending msg to client play-fork-run-5f6af6ff-e424-4287-bb1a-888aff84c618: TaskStarted(46,8698,None)
Sending msg to client play-fork-run-5f6af6ff-e424-4287-bb1a-888aff84c618: TaskFinished(46,8698,None,true,None)
Sending msg to client play-fork-run-5f6af6ff-e424-4287-bb1a-888aff84c618: TaskStarted(46,8697,None)
Sending msg to client play-fork-run-5f6af6ff-e424-4287-bb1a-888aff84c618: TaskFinished(46,8697,None,true,None)
Sending msg to client play-fork-run-5f6af6ff-e424-4287-bb1a-888aff84c618: DetachedLogEvent(LogMessage(debug,cancel strategy finish enabled=false lastCommand=Some(LastCommand(CommandExecutionWork(ExecutionId(46),{file:/C:/Users/BAM/Documents/Workspaces/PlayWorkspace/Shop/}root/compile:mainClass,Set(LiveClient(activator 6e25294e-6dea-4b72-9f50-ad81bf1c9330)),sbt.server.WorkCancellationStatus$$anon$1@67ea1945)))))
Sending msg to client play-fork-run-5f6af6ff-e424-4287-bb1a-888aff84c618: DetachedLogEvent(LogSuccess(Total time: 0 s, completed 08-09-2016 08:49:17))
Sending msg to client play-fork-run-5f6af6ff-e424-4287-bb1a-888aff84c618: DetachedLogEvent(LogMessage(debug,> server-post-command-cleanup))
Sending msg to client play-fork-run-5f6af6ff-e424-4287-bb1a-888aff84c618: ExecutionSuccess(46)
Sending msg to client play-fork-run-5f6af6ff-e424-4287-bb1a-888aff84c618: DetachedLogEvent(LogMessage(debug,> server-handle-next-server-request))
Client play-fork-run-5f6af6ff-e424-4287-bb1a-888aff84c618 closed, java.net.SocketException: Software caused connection abort: recv failed, shutting down
Stopping client.
Client play-fork-run-5f6af6ff-e424-4287-bb1a-888aff84c618 thread exiting.
Dropping message (0,ReceivedResponse()) to dead client play-fork-run-5f6af6ff-e424-4287-bb1a-888aff84c618
Dropping message BackgroundJobLogEvent(1,LogMessage(info,Stopping Play fork run ...)) to dead client play-fork-run-5f6af6ff-e424-4287-bb1a-888aff84c618
Dropping message BackgroundJobLogEvent(1,LogMessage(info,application - ApplicationTimer demo: Stopping application at 2016-09-09T08:57:11.338Z after 156754s.)) to dead client play-fork-run-5f6af6ff-e424-4287-bb1a-888aff84c618
