2016-09-07 10:39:45,507 ERROR [main] - Statistics - Statistics file `C:\Users\BAM\.scalaide\statistics` is corrupted. A new one is being created. Corrupted content was:

com.cedarsoftware.util.io.JsonIoException: error parsing JSON value
	at com.cedarsoftware.util.io.JsonReader.readObject(JsonReader.java:529)
	at com.cedarsoftware.util.io.JsonReader.jsonToJava(JsonReader.java:289)
	at com.cedarsoftware.util.io.JsonReader.jsonToJava(JsonReader.java:262)
	at org.scalaide.core.internal.statistics.Statistics.org$scalaide$core$internal$statistics$Statistics$$read(Statistics.scala:74)
	at org.scalaide.core.internal.statistics.Statistics$$anonfun$readStats$1.apply(Statistics.scala:52)
	at org.scalaide.core.internal.statistics.Statistics$$anonfun$readStats$1.apply(Statistics.scala:51)
	at org.scalaide.core.ScalaIdeDataStore$$anonfun$validate$2.apply(ScalaIdeDataStore.scala:59)
	at org.scalaide.util.eclipse.EclipseUtils$$anon$3.run(EclipseUtils.scala:214)
	at org.eclipse.core.runtime.SafeRunner.run(SafeRunner.java:42)
	at org.scalaide.util.eclipse.EclipseUtils$.withSafeRunner(EclipseUtils.scala:210)
	at org.scalaide.core.ScalaIdeDataStore$.validate(ScalaIdeDataStore.scala:58)
	at org.scalaide.core.internal.statistics.Statistics.readStats(Statistics.scala:51)
	at org.scalaide.core.internal.statistics.Statistics.<init>(Statistics.scala:30)
	at org.scalaide.core.internal.ScalaPlugin.stats$lzycompute(ScalaPlugin.scala:135)
	at org.scalaide.core.internal.ScalaPlugin.stats(ScalaPlugin.scala:135)
	at org.scalaide.core.internal.ScalaPlugin.statistics(ScalaPlugin.scala:138)
	at org.scalaide.core.internal.ScalaPlugin.start(ScalaPlugin.scala:109)
	at org.eclipse.osgi.internal.framework.BundleContextImpl$3.run(BundleContextImpl.java:774)
	at org.eclipse.osgi.internal.framework.BundleContextImpl$3.run(BundleContextImpl.java:1)
	at java.security.AccessController.doPrivileged(Native Method)
	at org.eclipse.osgi.internal.framework.BundleContextImpl.startActivator(BundleContextImpl.java:767)
	at org.eclipse.osgi.internal.framework.BundleContextImpl.start(BundleContextImpl.java:724)
	at org.eclipse.osgi.internal.framework.EquinoxBundle.startWorker0(EquinoxBundle.java:932)
	at org.eclipse.osgi.internal.framework.EquinoxBundle$EquinoxModule.startWorker(EquinoxBundle.java:309)
	at org.eclipse.osgi.container.Module.doStart(Module.java:581)
	at org.eclipse.osgi.container.Module.start(Module.java:449)
	at org.eclipse.osgi.framework.util.SecureAction.start(SecureAction.java:470)
	at org.eclipse.osgi.internal.hooks.EclipseLazyStarter.postFindLocalClass(EclipseLazyStarter.java:107)
	at org.eclipse.osgi.internal.loader.classpath.ClasspathManager.findLocalClass(ClasspathManager.java:529)
	at org.eclipse.osgi.internal.loader.ModuleClassLoader.findLocalClass(ModuleClassLoader.java:325)
	at org.eclipse.osgi.internal.loader.BundleLoader.findLocalClass(BundleLoader.java:334)
	at org.eclipse.osgi.internal.loader.BundleLoader.findClassInternal(BundleLoader.java:411)
	at org.eclipse.osgi.internal.loader.BundleLoader.findClass(BundleLoader.java:361)
	at org.eclipse.osgi.internal.loader.BundleLoader.findClass(BundleLoader.java:353)
	at org.eclipse.osgi.internal.loader.ModuleClassLoader.loadClass(ModuleClassLoader.java:161)
	at java.lang.ClassLoader.loadClass(Unknown Source)
	at org.eclipse.osgi.internal.framework.EquinoxBundle.loadClass(EquinoxBundle.java:564)
	at org.eclipse.core.internal.registry.osgi.RegistryStrategyOSGI.createExecutableExtension(RegistryStrategyOSGI.java:174)
	at org.eclipse.core.internal.registry.ExtensionRegistry.createExecutableExtension(ExtensionRegistry.java:905)
	at org.eclipse.core.internal.registry.ConfigurationElement.createExecutableExtension(ConfigurationElement.java:243)
	at org.eclipse.core.internal.registry.ConfigurationElementHandle.createExecutableExtension(ConfigurationElementHandle.java:55)
	at scala.tools.eclipse.contribution.weaving.jdt.imagedescriptor.ImageDescriptorSelectorRegistry.registerSelectors(ImageDescriptorSelectorRegistry.java:74)
	at scala.tools.eclipse.contribution.weaving.jdt.imagedescriptor.ImageDescriptorSelectorRegistry.iterator(ImageDescriptorSelectorRegistry.java:88)
	at scala.tools.eclipse.contribution.weaving.jdt.imagedescriptor.ImageDescriptorSelectorAspect.getImageDescriptor(ImageDescriptorSelectorAspect.aj:101)
	at scala.tools.eclipse.contribution.weaving.jdt.imagedescriptor.ImageDescriptorSelectorAspect.ajc$privMethod$scala_tools_eclipse_contribution_weaving_jdt_imagedescriptor_ImageDescriptorSelectorAspect$scala_tools_eclipse_contribution_weaving_jdt_imagedescriptor_ImageDescriptorSelectorAspect$getImageDescriptor(ImageDescriptorSelectorAspect.aj:1)
	at scala.tools.eclipse.contribution.weaving.jdt.imagedescriptor.ImageDescriptorSelectorAspect.ajc$around$scala_tools_eclipse_contribution_weaving_jdt_imagedescriptor_ImageDescriptorSelectorAspect$2$80f5da8d(ImageDescriptorSelectorAspect.aj:91)
	at org.eclipse.jdt.internal.ui.viewsupport.JavaElementImageProvider.computeDescriptor(JavaElementImageProvider.java:116)
	at org.eclipse.jdt.internal.ui.viewsupport.JavaElementImageProvider.getImageLabel(JavaElementImageProvider.java:98)
	at org.eclipse.jdt.internal.ui.viewsupport.JavaUILabelProvider.getImage(JavaUILabelProvider.java:142)
	at org.eclipse.jdt.internal.ui.packageview.PackageExplorerLabelProvider.getImage(PackageExplorerLabelProvider.java:137)
	at org.eclipse.jdt.internal.ui.navigator.JavaNavigatorLabelProvider.getImage(JavaNavigatorLabelProvider.java:134)
	at org.eclipse.ui.internal.navigator.NavigatorContentServiceLabelProvider.findImage(NavigatorContentServiceLabelProvider.java:199)
	at org.eclipse.ui.internal.navigator.NavigatorContentServiceLabelProvider.getColumnImage(NavigatorContentServiceLabelProvider.java:107)
	at org.eclipse.ui.internal.navigator.NavigatorContentServiceLabelProvider.getImage(NavigatorContentServiceLabelProvider.java:99)
	at org.eclipse.ui.internal.navigator.NavigatorDecoratingLabelProvider$StyledLabelProviderAdapter.getImage(NavigatorDecoratingLabelProvider.java:57)
	at org.eclipse.jface.viewers.DelegatingStyledCellLabelProvider.getImage(DelegatingStyledCellLabelProvider.java:195)
	at org.eclipse.jface.viewers.DecoratingStyledCellLabelProvider.getImage(DecoratingStyledCellLabelProvider.java:168)
	at org.eclipse.jface.viewers.DelegatingStyledCellLabelProvider.update(DelegatingStyledCellLabelProvider.java:121)
	at org.eclipse.jface.viewers.DecoratingStyledCellLabelProvider.update(DecoratingStyledCellLabelProvider.java:131)
	at org.eclipse.jface.viewers.ViewerColumn.refresh(ViewerColumn.java:141)
	at org.eclipse.jface.viewers.AbstractTreeViewer.doUpdateItem(AbstractTreeViewer.java:949)
	at org.eclipse.jface.viewers.AbstractTreeViewer$UpdateItemSafeRunnable.run(AbstractTreeViewer.java:118)
	at org.eclipse.core.runtime.SafeRunner.run(SafeRunner.java:42)
	at org.eclipse.ui.internal.JFaceUtil$1.run(JFaceUtil.java:50)
	at org.eclipse.jface.util.SafeRunnable.run(SafeRunnable.java:173)
	at org.eclipse.jface.viewers.AbstractTreeViewer.doUpdateItem(AbstractTreeViewer.java:1029)
	at org.eclipse.jface.viewers.StructuredViewer$UpdateItemSafeRunnable.run(StructuredViewer.java:474)
	at org.eclipse.core.runtime.SafeRunner.run(SafeRunner.java:42)
	at org.eclipse.ui.internal.JFaceUtil$1.run(JFaceUtil.java:50)
	at org.eclipse.jface.util.SafeRunnable.run(SafeRunnable.java:173)
	at org.eclipse.jface.viewers.StructuredViewer.updateItem(StructuredViewer.java:2170)
	at org.eclipse.jface.viewers.AbstractTreeViewer.createTreeItem(AbstractTreeViewer.java:843)
	at org.eclipse.jface.viewers.AbstractTreeViewer.lambda$0(AbstractTreeViewer.java:820)
	at org.eclipse.swt.custom.BusyIndicator.showWhile(BusyIndicator.java:70)
	at org.eclipse.jface.viewers.AbstractTreeViewer.createChildren(AbstractTreeViewer.java:795)
	at org.eclipse.jface.viewers.TreeViewer.createChildren(TreeViewer.java:596)
	at org.eclipse.jface.viewers.AbstractTreeViewer.createChildren(AbstractTreeViewer.java:766)
	at org.eclipse.jface.viewers.AbstractTreeViewer.internalInitializeTree(AbstractTreeViewer.java:1538)
	at org.eclipse.jface.viewers.TreeViewer.internalInitializeTree(TreeViewer.java:772)
	at org.eclipse.jface.viewers.AbstractTreeViewer.lambda$1(AbstractTreeViewer.java:1523)
	at org.eclipse.jface.viewers.StructuredViewer.preservingSelection(StructuredViewer.java:1458)
	at org.eclipse.jface.viewers.TreeViewer.preservingSelection(TreeViewer.java:354)
	at org.eclipse.jface.viewers.StructuredViewer.preservingSelection(StructuredViewer.java:1419)
	at org.eclipse.jface.viewers.AbstractTreeViewer.inputChanged(AbstractTreeViewer.java:1517)
	at org.eclipse.jface.viewers.ContentViewer.setInput(ContentViewer.java:286)
	at org.eclipse.jface.viewers.StructuredViewer.setInput(StructuredViewer.java:1696)
	at org.eclipse.ui.navigator.CommonNavigator.createPartControl(CommonNavigator.java:206)
	at org.eclipse.ui.navigator.resources.ProjectExplorer.createPartControl(ProjectExplorer.java:88)
	at org.eclipse.ui.internal.e4.compatibility.CompatibilityPart.createPartControl(CompatibilityPart.java:151)
	at org.eclipse.ui.internal.e4.compatibility.CompatibilityView.createPartControl(CompatibilityView.java:143)
	at org.eclipse.ui.internal.e4.compatibility.CompatibilityPart.create(CompatibilityPart.java:341)
	at sun.reflect.NativeMethodAccessorImpl.invoke0(Native Method)
	at sun.reflect.NativeMethodAccessorImpl.invoke(Unknown Source)
	at sun.reflect.DelegatingMethodAccessorImpl.invoke(Unknown Source)
	at java.lang.reflect.Method.invoke(Unknown Source)
	at org.eclipse.e4.core.internal.di.MethodRequestor.execute(MethodRequestor.java:54)
	at org.eclipse.e4.core.internal.di.InjectorImpl.processAnnotated(InjectorImpl.java:966)
	at org.eclipse.e4.core.internal.di.InjectorImpl.processAnnotated(InjectorImpl.java:931)
	at org.eclipse.e4.core.internal.di.InjectorImpl.inject(InjectorImpl.java:151)
	at org.eclipse.e4.core.internal.di.InjectorImpl.internalMake(InjectorImpl.java:375)
	at org.eclipse.e4.core.internal.di.InjectorImpl.make(InjectorImpl.java:294)
	at org.eclipse.e4.core.contexts.ContextInjectionFactory.make(ContextInjectionFactory.java:162)
	at org.eclipse.e4.ui.internal.workbench.ReflectionContributionFactory.createFromBundle(ReflectionContributionFactory.java:105)
	at org.eclipse.e4.ui.internal.workbench.ReflectionContributionFactory.doCreate(ReflectionContributionFactory.java:74)
	at org.eclipse.e4.ui.internal.workbench.ReflectionContributionFactory.create(ReflectionContributionFactory.java:56)
	at org.eclipse.e4.ui.workbench.renderers.swt.ContributedPartRenderer.createWidget(ContributedPartRenderer.java:129)
	at org.eclipse.e4.ui.internal.workbench.swt.PartRenderingEngine.createWidget(PartRenderingEngine.java:975)
	at org.eclipse.e4.ui.internal.workbench.swt.PartRenderingEngine.safeCreateGui(PartRenderingEngine.java:651)
	at org.eclipse.e4.ui.internal.workbench.swt.PartRenderingEngine$1.run(PartRenderingEngine.java:536)
	at org.eclipse.core.runtime.SafeRunner.run(SafeRunner.java:42)
	at org.eclipse.e4.ui.internal.workbench.swt.PartRenderingEngine.createGui(PartRenderingEngine.java:520)
	at org.eclipse.e4.ui.workbench.renderers.swt.ElementReferenceRenderer.createWidget(ElementReferenceRenderer.java:70)
	at org.eclipse.e4.ui.internal.workbench.swt.PartRenderingEngine.createWidget(PartRenderingEngine.java:975)
	at org.eclipse.e4.ui.internal.workbench.swt.PartRenderingEngine.safeCreateGui(PartRenderingEngine.java:651)
	at org.eclipse.e4.ui.internal.workbench.swt.PartRenderingEngine.safeCreateGui(PartRenderingEngine.java:757)
	at org.eclipse.e4.ui.internal.workbench.swt.PartRenderingEngine.access$0(PartRenderingEngine.java:728)
	at org.eclipse.e4.ui.internal.workbench.swt.PartRenderingEngine$2.run(PartRenderingEngine.java:722)
	at org.eclipse.core.runtime.SafeRunner.run(SafeRunner.java:42)
	at org.eclipse.e4.ui.internal.workbench.swt.PartRenderingEngine.createGui(PartRenderingEngine.java:706)
	at org.eclipse.e4.ui.workbench.renderers.swt.StackRenderer.showTab(StackRenderer.java:1317)
	at org.eclipse.e4.ui.workbench.renderers.swt.LazyStackRenderer.postProcess(LazyStackRenderer.java:103)
	at org.eclipse.e4.ui.internal.workbench.swt.PartRenderingEngine.safeCreateGui(PartRenderingEngine.java:669)
	at org.eclipse.e4.ui.internal.workbench.swt.PartRenderingEngine.safeCreateGui(PartRenderingEngine.java:757)
	at org.eclipse.e4.ui.internal.workbench.swt.PartRenderingEngine.access$0(PartRenderingEngine.java:728)
	at org.eclipse.e4.ui.internal.workbench.swt.PartRenderingEngine$2.run(PartRenderingEngine.java:722)
	at org.eclipse.core.runtime.SafeRunner.run(SafeRunner.java:42)
	at org.eclipse.e4.ui.internal.workbench.swt.PartRenderingEngine.createGui(PartRenderingEngine.java:706)
	at org.eclipse.e4.ui.workbench.renderers.swt.SWTPartRenderer.processContents(SWTPartRenderer.java:70)
	at org.eclipse.e4.ui.workbench.renderers.swt.SashRenderer.processContents(SashRenderer.java:142)
	at org.eclipse.e4.ui.internal.workbench.swt.PartRenderingEngine.safeCreateGui(PartRenderingEngine.java:665)
	at org.eclipse.e4.ui.internal.workbench.swt.PartRenderingEngine.safeCreateGui(PartRenderingEngine.java:757)
	at org.eclipse.e4.ui.internal.workbench.swt.PartRenderingEngine.access$0(PartRenderingEngine.java:728)
	at org.eclipse.e4.ui.internal.workbench.swt.PartRenderingEngine$2.run(PartRenderingEngine.java:722)
	at org.eclipse.core.runtime.SafeRunner.run(SafeRunner.java:42)
	at org.eclipse.e4.ui.internal.workbench.swt.PartRenderingEngine.createGui(PartRenderingEngine.java:706)
	at org.eclipse.e4.ui.workbench.renderers.swt.SWTPartRenderer.processContents(SWTPartRenderer.java:70)
	at org.eclipse.e4.ui.workbench.renderers.swt.PerspectiveRenderer.processContents(PerspectiveRenderer.java:49)
	at org.eclipse.e4.ui.internal.workbench.swt.PartRenderingEngine.safeCreateGui(PartRenderingEngine.java:665)
	at org.eclipse.e4.ui.internal.workbench.swt.PartRenderingEngine.safeCreateGui(PartRenderingEngine.java:757)
	at org.eclipse.e4.ui.internal.workbench.swt.PartRenderingEngine.access$0(PartRenderingEngine.java:728)
	at org.eclipse.e4.ui.internal.workbench.swt.PartRenderingEngine$2.run(PartRenderingEngine.java:722)
	at org.eclipse.core.runtime.SafeRunner.run(SafeRunner.java:42)
	at org.eclipse.e4.ui.internal.workbench.swt.PartRenderingEngine.createGui(PartRenderingEngine.java:706)
	at org.eclipse.e4.ui.workbench.renderers.swt.PerspectiveStackRenderer.showTab(PerspectiveStackRenderer.java:82)
	at org.eclipse.e4.ui.workbench.renderers.swt.LazyStackRenderer.postProcess(LazyStackRenderer.java:103)
	at org.eclipse.e4.ui.workbench.renderers.swt.PerspectiveStackRenderer.postProcess(PerspectiveStackRenderer.java:63)
	at org.eclipse.e4.ui.internal.workbench.swt.PartRenderingEngine.safeCreateGui(PartRenderingEngine.java:669)
	at org.eclipse.e4.ui.internal.workbench.swt.PartRenderingEngine.safeCreateGui(PartRenderingEngine.java:757)
	at org.eclipse.e4.ui.internal.workbench.swt.PartRenderingEngine.access$0(PartRenderingEngine.java:728)
	at org.eclipse.e4.ui.internal.workbench.swt.PartRenderingEngine$2.run(PartRenderingEngine.java:722)
	at org.eclipse.core.runtime.SafeRunner.run(SafeRunner.java:42)
	at org.eclipse.e4.ui.internal.workbench.swt.PartRenderingEngine.createGui(PartRenderingEngine.java:706)
	at org.eclipse.e4.ui.workbench.renderers.swt.SWTPartRenderer.processContents(SWTPartRenderer.java:70)
	at org.eclipse.e4.ui.workbench.renderers.swt.SashRenderer.processContents(SashRenderer.java:142)
	at org.eclipse.e4.ui.internal.workbench.swt.PartRenderingEngine.safeCreateGui(PartRenderingEngine.java:665)
	at org.eclipse.e4.ui.internal.workbench.swt.PartRenderingEngine.safeCreateGui(PartRenderingEngine.java:757)
	at org.eclipse.e4.ui.internal.workbench.swt.PartRenderingEngine.access$0(PartRenderingEngine.java:728)
	at org.eclipse.e4.ui.internal.workbench.swt.PartRenderingEngine$2.run(PartRenderingEngine.java:722)
	at org.eclipse.core.runtime.SafeRunner.run(SafeRunner.java:42)
	at org.eclipse.e4.ui.internal.workbench.swt.PartRenderingEngine.createGui(PartRenderingEngine.java:706)
	at org.eclipse.e4.ui.workbench.renderers.swt.SWTPartRenderer.processContents(SWTPartRenderer.java:70)
	at org.eclipse.e4.ui.workbench.renderers.swt.WBWRenderer.processContents(WBWRenderer.java:725)
	at org.eclipse.e4.ui.internal.workbench.swt.PartRenderingEngine.safeCreateGui(PartRenderingEngine.java:665)
	at org.eclipse.e4.ui.internal.workbench.swt.PartRenderingEngine.safeCreateGui(PartRenderingEngine.java:757)
	at org.eclipse.e4.ui.internal.workbench.swt.PartRenderingEngine.access$0(PartRenderingEngine.java:728)
	at org.eclipse.e4.ui.internal.workbench.swt.PartRenderingEngine$2.run(PartRenderingEngine.java:722)
	at org.eclipse.core.runtime.SafeRunner.run(SafeRunner.java:42)
	at org.eclipse.e4.ui.internal.workbench.swt.PartRenderingEngine.createGui(PartRenderingEngine.java:706)
	at org.eclipse.e4.ui.internal.workbench.swt.PartRenderingEngine$4.run(PartRenderingEngine.java:1059)
	at org.eclipse.core.databinding.observable.Realm.runWithDefault(Realm.java:336)
	at org.eclipse.e4.ui.internal.workbench.swt.PartRenderingEngine.run(PartRenderingEngine.java:1022)
	at org.eclipse.e4.ui.internal.workbench.E4Workbench.createAndRunUI(E4Workbench.java:150)
	at org.eclipse.ui.internal.Workbench$5.run(Workbench.java:687)
	at org.eclipse.core.databinding.observable.Realm.runWithDefault(Realm.java:336)
	at org.eclipse.ui.internal.Workbench.createAndRunWorkbench(Workbench.java:604)
	at org.eclipse.ui.PlatformUI.createAndRunWorkbench(PlatformUI.java:148)
	at org.eclipse.ui.internal.ide.application.IDEApplication.start(IDEApplication.java:138)
	at org.eclipse.equinox.internal.app.EclipseAppHandle.run(EclipseAppHandle.java:196)
	at org.eclipse.core.runtime.internal.adaptor.EclipseAppLauncher.runApplication(EclipseAppLauncher.java:134)
	at org.eclipse.core.runtime.internal.adaptor.EclipseAppLauncher.start(EclipseAppLauncher.java:104)
	at org.eclipse.core.runtime.adaptor.EclipseStarter.run(EclipseStarter.java:388)
	at org.eclipse.core.runtime.adaptor.EclipseStarter.run(EclipseStarter.java:243)
	at sun.reflect.NativeMethodAccessorImpl.invoke0(Native Method)
	at sun.reflect.NativeMethodAccessorImpl.invoke(Unknown Source)
	at sun.reflect.DelegatingMethodAccessorImpl.invoke(Unknown Source)
	at java.lang.reflect.Method.invoke(Unknown Source)
	at org.eclipse.equinox.launcher.Main.invokeFramework(Main.java:673)
	at org.eclipse.equinox.launcher.Main.basicRun(Main.java:610)
	at org.eclipse.equinox.launcher.Main.run(Main.java:1519)
Caused by: com.cedarsoftware.util.io.JsonIoException: EOF reached prematurely
	at com.cedarsoftware.util.io.JsonParser.error(JsonParser.java:584)
	at com.cedarsoftware.util.io.JsonParser.readValue(JsonParser.java:278)
	at com.cedarsoftware.util.io.JsonReader.readObject(JsonReader.java:521)
	... 188 more
2016-09-07 10:39:50,004  WARN [main] - org.scala-ide.sdt.core - org.scala-ide.sdt.core - org.scala-ide.sdt.core - 0 - Preference scala.compiler.sourceLevel was uninitialized for Shop, setting default to 2.11.
2016-09-07 10:39:50,020  WARN [main] - org.scala-ide.sdt.core - org.scala-ide.sdt.core - org.scala-ide.sdt.core - 0 - Preference scala.compiler.installation was uninitialized for Shop, setting default to 2.11.
2016-09-07 10:40:11,868 ERROR [main] - org.scala-ide.sdt.core - org.scala-ide.sdt.core - org.scala-ide.sdt.core - 0 - Error in Scala compiler
java.lang.RuntimeException: Could not create directory C:\Users\BAM\Documents\Workspaces\PlayWorkspace\Shop\.tmpBin
	at scala.sys.package$.error(package.scala:27)
	at sbt.IO$.createDirectory(IO.scala:166)
	at sbt.inc.ClassfileManager$$anonfun$transactional$1$$anon$2.<init>(ClassfileManager.scala:40)
	at sbt.inc.ClassfileManager$$anonfun$transactional$1.apply(ClassfileManager.scala:37)
	at sbt.inc.ClassfileManager$$anonfun$transactional$1.apply(ClassfileManager.scala:37)
	at sbt.inc.Incremental$.manageClassfiles(Incremental.scala:88)
	at sbt.inc.Incremental$.compile(Incremental.scala:61)
	at sbt.inc.IncrementalCompile$.apply(Compile.scala:54)
	at sbt.compiler.IC$.compileInternal(IncrementalCompiler.scala:160)
	at sbt.compiler.IC$.incrementalCompile(IncrementalCompiler.scala:138)
	at org.scalaide.core.internal.builder.zinc.CachingCompiler.compile(CachingCompiler.scala:37)
	at org.scalaide.core.internal.builder.zinc.EclipseSbtBuildManager.aggressiveCompile(EclipseSbtBuildManager.scala:213)
	at org.scalaide.core.internal.builder.zinc.EclipseSbtBuildManager.runCompiler(EclipseSbtBuildManager.scala:145)
	at org.scalaide.core.internal.builder.zinc.EclipseSbtBuildManager.update(EclipseSbtBuildManager.scala:127)
	at org.scalaide.core.internal.builder.zinc.EclipseSbtBuildManager.build(EclipseSbtBuildManager.scala:85)
	at org.scalaide.core.internal.project.scopes.BuildScopeUnit.build(BuildScopeUnit.scala:73)
	at org.scalaide.core.internal.project.SbtScopesBuildManager$$anonfun$build$1.apply(SbtScopesBuildManager.scala:54)
	at org.scalaide.core.internal.project.SbtScopesBuildManager$$anonfun$build$1.apply(SbtScopesBuildManager.scala:51)
	at scala.collection.immutable.List.foreach(List.scala:381)
	at org.scalaide.core.internal.project.SbtScopesBuildManager.build(SbtScopesBuildManager.scala:51)
	at org.scalaide.core.internal.project.ScalaProject.build(ScalaProject.scala:603)
	at org.scalaide.core.internal.builder.ScalaBuilder.build(ScalaBuilder.scala:109)
	at org.eclipse.core.internal.events.BuildManager$2.run(BuildManager.java:735)
	at org.eclipse.core.runtime.SafeRunner.run(SafeRunner.java:42)
	at org.eclipse.core.internal.events.BuildManager.basicBuild(BuildManager.java:206)
	at org.eclipse.core.internal.events.BuildManager.basicBuild(BuildManager.java:246)
	at org.eclipse.core.internal.events.BuildManager$1.run(BuildManager.java:301)
	at org.eclipse.core.runtime.SafeRunner.run(SafeRunner.java:42)
	at org.eclipse.core.internal.events.BuildManager.basicBuild(BuildManager.java:304)
	at org.eclipse.core.internal.events.BuildManager.basicBuildLoop(BuildManager.java:360)
	at org.eclipse.core.internal.events.BuildManager.build(BuildManager.java:383)
	at org.eclipse.core.internal.events.AutoBuildJob.doBuild(AutoBuildJob.java:144)
	at org.eclipse.core.internal.events.AutoBuildJob.run(AutoBuildJob.java:235)
	at org.eclipse.core.internal.jobs.Worker.run(Worker.java:55)
2016-09-07 10:50:49,539 ERROR [main] - org.scala-ide.sdt.core - org.scala-ide.sdt.core - org.scala-ide.sdt.core - 0 - Error in Scala compiler
java.lang.RuntimeException: Could not create directory C:\Users\BAM\Documents\Workspaces\PlayWorkspace\Shop\.tmpBin
	at scala.sys.package$.error(package.scala:27)
	at sbt.IO$.createDirectory(IO.scala:166)
	at sbt.inc.ClassfileManager$$anonfun$transactional$1$$anon$2.<init>(ClassfileManager.scala:40)
	at sbt.inc.ClassfileManager$$anonfun$transactional$1.apply(ClassfileManager.scala:37)
	at sbt.inc.ClassfileManager$$anonfun$transactional$1.apply(ClassfileManager.scala:37)
	at sbt.inc.Incremental$.manageClassfiles(Incremental.scala:88)
	at sbt.inc.Incremental$.compile(Incremental.scala:61)
	at sbt.inc.IncrementalCompile$.apply(Compile.scala:54)
	at sbt.compiler.IC$.compileInternal(IncrementalCompiler.scala:160)
	at sbt.compiler.IC$.incrementalCompile(IncrementalCompiler.scala:138)
	at org.scalaide.core.internal.builder.zinc.CachingCompiler.compile(CachingCompiler.scala:37)
	at org.scalaide.core.internal.builder.zinc.EclipseSbtBuildManager.aggressiveCompile(EclipseSbtBuildManager.scala:213)
	at org.scalaide.core.internal.builder.zinc.EclipseSbtBuildManager.runCompiler(EclipseSbtBuildManager.scala:145)
	at org.scalaide.core.internal.builder.zinc.EclipseSbtBuildManager.update(EclipseSbtBuildManager.scala:127)
	at org.scalaide.core.internal.builder.zinc.EclipseSbtBuildManager.build(EclipseSbtBuildManager.scala:85)
	at org.scalaide.core.internal.project.scopes.BuildScopeUnit.build(BuildScopeUnit.scala:73)
	at org.scalaide.core.internal.project.SbtScopesBuildManager$$anonfun$build$1.apply(SbtScopesBuildManager.scala:54)
	at org.scalaide.core.internal.project.SbtScopesBuildManager$$anonfun$build$1.apply(SbtScopesBuildManager.scala:51)
	at scala.collection.immutable.List.foreach(List.scala:381)
	at org.scalaide.core.internal.project.SbtScopesBuildManager.build(SbtScopesBuildManager.scala:51)
	at org.scalaide.core.internal.project.ScalaProject.build(ScalaProject.scala:603)
	at org.scalaide.core.internal.builder.ScalaBuilder.build(ScalaBuilder.scala:109)
	at org.eclipse.core.internal.events.BuildManager$2.run(BuildManager.java:735)
	at org.eclipse.core.runtime.SafeRunner.run(SafeRunner.java:42)
	at org.eclipse.core.internal.events.BuildManager.basicBuild(BuildManager.java:206)
	at org.eclipse.core.internal.events.BuildManager.basicBuild(BuildManager.java:246)
	at org.eclipse.core.internal.events.BuildManager$1.run(BuildManager.java:301)
	at org.eclipse.core.runtime.SafeRunner.run(SafeRunner.java:42)
	at org.eclipse.core.internal.events.BuildManager.basicBuild(BuildManager.java:304)
	at org.eclipse.core.internal.events.BuildManager.basicBuildLoop(BuildManager.java:360)
	at org.eclipse.core.internal.events.BuildManager.build(BuildManager.java:383)
	at org.eclipse.core.internal.events.AutoBuildJob.doBuild(AutoBuildJob.java:144)
	at org.eclipse.core.internal.events.AutoBuildJob.run(AutoBuildJob.java:235)
	at org.eclipse.core.internal.jobs.Worker.run(Worker.java:55)
2016-09-07 10:52:10,122 ERROR [main] - org.scala-ide.sdt.core - org.scala-ide.sdt.core - org.scala-ide.sdt.core - 0 - Error in Scala compiler
java.lang.RuntimeException: Could not create directory C:\Users\BAM\Documents\Workspaces\PlayWorkspace\Shop\.tmpBin
	at scala.sys.package$.error(package.scala:27)
	at sbt.IO$.createDirectory(IO.scala:166)
	at sbt.inc.ClassfileManager$$anonfun$transactional$1$$anon$2.<init>(ClassfileManager.scala:40)
	at sbt.inc.ClassfileManager$$anonfun$transactional$1.apply(ClassfileManager.scala:37)
	at sbt.inc.ClassfileManager$$anonfun$transactional$1.apply(ClassfileManager.scala:37)
	at sbt.inc.Incremental$.manageClassfiles(Incremental.scala:88)
	at sbt.inc.Incremental$.compile(Incremental.scala:61)
	at sbt.inc.IncrementalCompile$.apply(Compile.scala:54)
	at sbt.compiler.IC$.compileInternal(IncrementalCompiler.scala:160)
	at sbt.compiler.IC$.incrementalCompile(IncrementalCompiler.scala:138)
	at org.scalaide.core.internal.builder.zinc.CachingCompiler.compile(CachingCompiler.scala:37)
	at org.scalaide.core.internal.builder.zinc.EclipseSbtBuildManager.aggressiveCompile(EclipseSbtBuildManager.scala:213)
	at org.scalaide.core.internal.builder.zinc.EclipseSbtBuildManager.runCompiler(EclipseSbtBuildManager.scala:145)
	at org.scalaide.core.internal.builder.zinc.EclipseSbtBuildManager.update(EclipseSbtBuildManager.scala:127)
	at org.scalaide.core.internal.builder.zinc.EclipseSbtBuildManager.build(EclipseSbtBuildManager.scala:85)
	at org.scalaide.core.internal.project.scopes.BuildScopeUnit.build(BuildScopeUnit.scala:73)
	at org.scalaide.core.internal.project.SbtScopesBuildManager$$anonfun$build$1.apply(SbtScopesBuildManager.scala:54)
	at org.scalaide.core.internal.project.SbtScopesBuildManager$$anonfun$build$1.apply(SbtScopesBuildManager.scala:51)
	at scala.collection.immutable.List.foreach(List.scala:381)
	at org.scalaide.core.internal.project.SbtScopesBuildManager.build(SbtScopesBuildManager.scala:51)
	at org.scalaide.core.internal.project.ScalaProject.build(ScalaProject.scala:603)
	at org.scalaide.core.internal.builder.ScalaBuilder.build(ScalaBuilder.scala:109)
	at org.eclipse.core.internal.events.BuildManager$2.run(BuildManager.java:735)
	at org.eclipse.core.runtime.SafeRunner.run(SafeRunner.java:42)
	at org.eclipse.core.internal.events.BuildManager.basicBuild(BuildManager.java:206)
	at org.eclipse.core.internal.events.BuildManager.basicBuild(BuildManager.java:246)
	at org.eclipse.core.internal.events.BuildManager$1.run(BuildManager.java:301)
	at org.eclipse.core.runtime.SafeRunner.run(SafeRunner.java:42)
	at org.eclipse.core.internal.events.BuildManager.basicBuild(BuildManager.java:304)
	at org.eclipse.core.internal.events.BuildManager.basicBuildLoop(BuildManager.java:360)
	at org.eclipse.core.internal.events.BuildManager.build(BuildManager.java:383)
	at org.eclipse.core.internal.events.AutoBuildJob.doBuild(AutoBuildJob.java:144)
	at org.eclipse.core.internal.events.AutoBuildJob.run(AutoBuildJob.java:235)
	at org.eclipse.core.internal.jobs.Worker.run(Worker.java:55)
2016-09-07 10:52:14,662 ERROR [main] - org.scala-ide.sdt.core - org.scala-ide.sdt.core - org.scala-ide.sdt.core - 0 - Error in Scala compiler
java.lang.RuntimeException: Could not create directory C:\Users\BAM\Documents\Workspaces\PlayWorkspace\Shop\.tmpBin
	at scala.sys.package$.error(package.scala:27)
	at sbt.IO$.createDirectory(IO.scala:166)
	at sbt.inc.ClassfileManager$$anonfun$transactional$1$$anon$2.<init>(ClassfileManager.scala:40)
	at sbt.inc.ClassfileManager$$anonfun$transactional$1.apply(ClassfileManager.scala:37)
	at sbt.inc.ClassfileManager$$anonfun$transactional$1.apply(ClassfileManager.scala:37)
	at sbt.inc.Incremental$.manageClassfiles(Incremental.scala:88)
	at sbt.inc.Incremental$.compile(Incremental.scala:61)
	at sbt.inc.IncrementalCompile$.apply(Compile.scala:54)
	at sbt.compiler.IC$.compileInternal(IncrementalCompiler.scala:160)
	at sbt.compiler.IC$.incrementalCompile(IncrementalCompiler.scala:138)
	at org.scalaide.core.internal.builder.zinc.CachingCompiler.compile(CachingCompiler.scala:37)
	at org.scalaide.core.internal.builder.zinc.EclipseSbtBuildManager.aggressiveCompile(EclipseSbtBuildManager.scala:213)
	at org.scalaide.core.internal.builder.zinc.EclipseSbtBuildManager.runCompiler(EclipseSbtBuildManager.scala:145)
	at org.scalaide.core.internal.builder.zinc.EclipseSbtBuildManager.update(EclipseSbtBuildManager.scala:127)
	at org.scalaide.core.internal.builder.zinc.EclipseSbtBuildManager.build(EclipseSbtBuildManager.scala:85)
	at org.scalaide.core.internal.project.scopes.BuildScopeUnit.build(BuildScopeUnit.scala:73)
	at org.scalaide.core.internal.project.SbtScopesBuildManager$$anonfun$build$1.apply(SbtScopesBuildManager.scala:54)
	at org.scalaide.core.internal.project.SbtScopesBuildManager$$anonfun$build$1.apply(SbtScopesBuildManager.scala:51)
	at scala.collection.immutable.List.foreach(List.scala:381)
	at org.scalaide.core.internal.project.SbtScopesBuildManager.build(SbtScopesBuildManager.scala:51)
	at org.scalaide.core.internal.project.ScalaProject.build(ScalaProject.scala:603)
	at org.scalaide.core.internal.builder.ScalaBuilder.build(ScalaBuilder.scala:109)
	at org.eclipse.core.internal.events.BuildManager$2.run(BuildManager.java:735)
	at org.eclipse.core.runtime.SafeRunner.run(SafeRunner.java:42)
	at org.eclipse.core.internal.events.BuildManager.basicBuild(BuildManager.java:206)
	at org.eclipse.core.internal.events.BuildManager.basicBuild(BuildManager.java:246)
	at org.eclipse.core.internal.events.BuildManager$1.run(BuildManager.java:301)
	at org.eclipse.core.runtime.SafeRunner.run(SafeRunner.java:42)
	at org.eclipse.core.internal.events.BuildManager.basicBuild(BuildManager.java:304)
	at org.eclipse.core.internal.events.BuildManager.basicBuildLoop(BuildManager.java:360)
	at org.eclipse.core.internal.events.BuildManager.build(BuildManager.java:383)
	at org.eclipse.core.internal.events.AutoBuildJob.doBuild(AutoBuildJob.java:144)
	at org.eclipse.core.internal.events.AutoBuildJob.run(AutoBuildJob.java:235)
	at org.eclipse.core.internal.jobs.Worker.run(Worker.java:55)
2016-09-07 11:01:00,316 ERROR [main] - org.scala-ide.sdt.core - org.scala-ide.sdt.core - org.scala-ide.sdt.core - 0 - Error in Scala compiler
java.lang.RuntimeException: Could not create directory C:\Users\BAM\Documents\Workspaces\PlayWorkspace\Shop\.tmpBin
	at scala.sys.package$.error(package.scala:27)
	at sbt.IO$.createDirectory(IO.scala:166)
	at sbt.inc.ClassfileManager$$anonfun$transactional$1$$anon$2.<init>(ClassfileManager.scala:40)
	at sbt.inc.ClassfileManager$$anonfun$transactional$1.apply(ClassfileManager.scala:37)
	at sbt.inc.ClassfileManager$$anonfun$transactional$1.apply(ClassfileManager.scala:37)
	at sbt.inc.Incremental$.manageClassfiles(Incremental.scala:88)
	at sbt.inc.Incremental$.compile(Incremental.scala:61)
	at sbt.inc.IncrementalCompile$.apply(Compile.scala:54)
	at sbt.compiler.IC$.compileInternal(IncrementalCompiler.scala:160)
	at sbt.compiler.IC$.incrementalCompile(IncrementalCompiler.scala:138)
	at org.scalaide.core.internal.builder.zinc.CachingCompiler.compile(CachingCompiler.scala:37)
	at org.scalaide.core.internal.builder.zinc.EclipseSbtBuildManager.aggressiveCompile(EclipseSbtBuildManager.scala:213)
	at org.scalaide.core.internal.builder.zinc.EclipseSbtBuildManager.runCompiler(EclipseSbtBuildManager.scala:145)
	at org.scalaide.core.internal.builder.zinc.EclipseSbtBuildManager.update(EclipseSbtBuildManager.scala:127)
	at org.scalaide.core.internal.builder.zinc.EclipseSbtBuildManager.build(EclipseSbtBuildManager.scala:85)
	at org.scalaide.core.internal.project.scopes.BuildScopeUnit.build(BuildScopeUnit.scala:73)
	at org.scalaide.core.internal.project.SbtScopesBuildManager$$anonfun$build$1.apply(SbtScopesBuildManager.scala:54)
	at org.scalaide.core.internal.project.SbtScopesBuildManager$$anonfun$build$1.apply(SbtScopesBuildManager.scala:51)
	at scala.collection.immutable.List.foreach(List.scala:381)
	at org.scalaide.core.internal.project.SbtScopesBuildManager.build(SbtScopesBuildManager.scala:51)
	at org.scalaide.core.internal.project.ScalaProject.build(ScalaProject.scala:603)
	at org.scalaide.core.internal.builder.ScalaBuilder.build(ScalaBuilder.scala:109)
	at org.eclipse.core.internal.events.BuildManager$2.run(BuildManager.java:735)
	at org.eclipse.core.runtime.SafeRunner.run(SafeRunner.java:42)
	at org.eclipse.core.internal.events.BuildManager.basicBuild(BuildManager.java:206)
	at org.eclipse.core.internal.events.BuildManager.basicBuild(BuildManager.java:246)
	at org.eclipse.core.internal.events.BuildManager$1.run(BuildManager.java:301)
	at org.eclipse.core.runtime.SafeRunner.run(SafeRunner.java:42)
	at org.eclipse.core.internal.events.BuildManager.basicBuild(BuildManager.java:304)
	at org.eclipse.core.internal.events.BuildManager.basicBuildLoop(BuildManager.java:360)
	at org.eclipse.core.internal.events.BuildManager.build(BuildManager.java:383)
	at org.eclipse.core.internal.events.AutoBuildJob.doBuild(AutoBuildJob.java:144)
	at org.eclipse.core.internal.events.AutoBuildJob.run(AutoBuildJob.java:235)
	at org.eclipse.core.internal.jobs.Worker.run(Worker.java:55)
2016-09-07 11:05:37,855 ERROR [main] - org.scala-ide.sdt.core - org.scala-ide.sdt.core - org.scala-ide.sdt.core - 0 - Error in Scala compiler
java.lang.RuntimeException: Could not create directory C:\Users\BAM\Documents\Workspaces\PlayWorkspace\Shop\.tmpBin
	at scala.sys.package$.error(package.scala:27)
	at sbt.IO$.createDirectory(IO.scala:166)
	at sbt.inc.ClassfileManager$$anonfun$transactional$1$$anon$2.<init>(ClassfileManager.scala:40)
	at sbt.inc.ClassfileManager$$anonfun$transactional$1.apply(ClassfileManager.scala:37)
	at sbt.inc.ClassfileManager$$anonfun$transactional$1.apply(ClassfileManager.scala:37)
	at sbt.inc.Incremental$.manageClassfiles(Incremental.scala:88)
	at sbt.inc.Incremental$.compile(Incremental.scala:61)
	at sbt.inc.IncrementalCompile$.apply(Compile.scala:54)
	at sbt.compiler.IC$.compileInternal(IncrementalCompiler.scala:160)
	at sbt.compiler.IC$.incrementalCompile(IncrementalCompiler.scala:138)
	at org.scalaide.core.internal.builder.zinc.CachingCompiler.compile(CachingCompiler.scala:37)
	at org.scalaide.core.internal.builder.zinc.EclipseSbtBuildManager.aggressiveCompile(EclipseSbtBuildManager.scala:213)
	at org.scalaide.core.internal.builder.zinc.EclipseSbtBuildManager.runCompiler(EclipseSbtBuildManager.scala:145)
	at org.scalaide.core.internal.builder.zinc.EclipseSbtBuildManager.update(EclipseSbtBuildManager.scala:127)
	at org.scalaide.core.internal.builder.zinc.EclipseSbtBuildManager.build(EclipseSbtBuildManager.scala:85)
	at org.scalaide.core.internal.project.scopes.BuildScopeUnit.build(BuildScopeUnit.scala:73)
	at org.scalaide.core.internal.project.SbtScopesBuildManager$$anonfun$build$1.apply(SbtScopesBuildManager.scala:54)
	at org.scalaide.core.internal.project.SbtScopesBuildManager$$anonfun$build$1.apply(SbtScopesBuildManager.scala:51)
	at scala.collection.immutable.List.foreach(List.scala:381)
	at org.scalaide.core.internal.project.SbtScopesBuildManager.build(SbtScopesBuildManager.scala:51)
	at org.scalaide.core.internal.project.ScalaProject.build(ScalaProject.scala:603)
	at org.scalaide.core.internal.builder.ScalaBuilder.build(ScalaBuilder.scala:109)
	at org.eclipse.core.internal.events.BuildManager$2.run(BuildManager.java:735)
	at org.eclipse.core.runtime.SafeRunner.run(SafeRunner.java:42)
	at org.eclipse.core.internal.events.BuildManager.basicBuild(BuildManager.java:206)
	at org.eclipse.core.internal.events.BuildManager.basicBuild(BuildManager.java:246)
	at org.eclipse.core.internal.events.BuildManager$1.run(BuildManager.java:301)
	at org.eclipse.core.runtime.SafeRunner.run(SafeRunner.java:42)
	at org.eclipse.core.internal.events.BuildManager.basicBuild(BuildManager.java:304)
	at org.eclipse.core.internal.events.BuildManager.basicBuildLoop(BuildManager.java:360)
	at org.eclipse.core.internal.events.BuildManager.build(BuildManager.java:383)
	at org.eclipse.core.internal.events.AutoBuildJob.doBuild(AutoBuildJob.java:144)
	at org.eclipse.core.internal.events.AutoBuildJob.run(AutoBuildJob.java:235)
	at org.eclipse.core.internal.jobs.Worker.run(Worker.java:55)
2016-09-07 11:07:35,980 ERROR [main] - org.scala-ide.sdt.core - org.scala-ide.sdt.core - org.scala-ide.sdt.core - 0 - Error in Scala compiler
java.lang.RuntimeException: Could not create directory C:\Users\BAM\Documents\Workspaces\PlayWorkspace\Shop\.tmpBin
	at scala.sys.package$.error(package.scala:27)
	at sbt.IO$.createDirectory(IO.scala:166)
	at sbt.inc.ClassfileManager$$anonfun$transactional$1$$anon$2.<init>(ClassfileManager.scala:40)
	at sbt.inc.ClassfileManager$$anonfun$transactional$1.apply(ClassfileManager.scala:37)
	at sbt.inc.ClassfileManager$$anonfun$transactional$1.apply(ClassfileManager.scala:37)
	at sbt.inc.Incremental$.manageClassfiles(Incremental.scala:88)
	at sbt.inc.Incremental$.compile(Incremental.scala:61)
	at sbt.inc.IncrementalCompile$.apply(Compile.scala:54)
	at sbt.compiler.IC$.compileInternal(IncrementalCompiler.scala:160)
	at sbt.compiler.IC$.incrementalCompile(IncrementalCompiler.scala:138)
	at org.scalaide.core.internal.builder.zinc.CachingCompiler.compile(CachingCompiler.scala:37)
	at org.scalaide.core.internal.builder.zinc.EclipseSbtBuildManager.aggressiveCompile(EclipseSbtBuildManager.scala:213)
	at org.scalaide.core.internal.builder.zinc.EclipseSbtBuildManager.runCompiler(EclipseSbtBuildManager.scala:145)
	at org.scalaide.core.internal.builder.zinc.EclipseSbtBuildManager.update(EclipseSbtBuildManager.scala:127)
	at org.scalaide.core.internal.builder.zinc.EclipseSbtBuildManager.build(EclipseSbtBuildManager.scala:85)
	at org.scalaide.core.internal.project.scopes.BuildScopeUnit.build(BuildScopeUnit.scala:73)
	at org.scalaide.core.internal.project.SbtScopesBuildManager$$anonfun$build$1.apply(SbtScopesBuildManager.scala:54)
	at org.scalaide.core.internal.project.SbtScopesBuildManager$$anonfun$build$1.apply(SbtScopesBuildManager.scala:51)
	at scala.collection.immutable.List.foreach(List.scala:381)
	at org.scalaide.core.internal.project.SbtScopesBuildManager.build(SbtScopesBuildManager.scala:51)
	at org.scalaide.core.internal.project.ScalaProject.build(ScalaProject.scala:603)
	at org.scalaide.core.internal.builder.ScalaBuilder.build(ScalaBuilder.scala:109)
	at org.eclipse.core.internal.events.BuildManager$2.run(BuildManager.java:735)
	at org.eclipse.core.runtime.SafeRunner.run(SafeRunner.java:42)
	at org.eclipse.core.internal.events.BuildManager.basicBuild(BuildManager.java:206)
	at org.eclipse.core.internal.events.BuildManager.basicBuild(BuildManager.java:246)
	at org.eclipse.core.internal.events.BuildManager$1.run(BuildManager.java:301)
	at org.eclipse.core.runtime.SafeRunner.run(SafeRunner.java:42)
	at org.eclipse.core.internal.events.BuildManager.basicBuild(BuildManager.java:304)
	at org.eclipse.core.internal.events.BuildManager.basicBuildLoop(BuildManager.java:360)
	at org.eclipse.core.internal.events.BuildManager.build(BuildManager.java:383)
	at org.eclipse.core.internal.events.AutoBuildJob.doBuild(AutoBuildJob.java:144)
	at org.eclipse.core.internal.events.AutoBuildJob.run(AutoBuildJob.java:235)
	at org.eclipse.core.internal.jobs.Worker.run(Worker.java:55)
2016-09-07 11:07:37,042 ERROR [main] - org.scala-ide.sdt.core - org.scala-ide.sdt.core - org.scala-ide.sdt.core - 0 - Error in Scala compiler
java.lang.RuntimeException: Could not create directory C:\Users\BAM\Documents\Workspaces\PlayWorkspace\Shop\.tmpBin
	at scala.sys.package$.error(package.scala:27)
	at sbt.IO$.createDirectory(IO.scala:166)
	at sbt.inc.ClassfileManager$$anonfun$transactional$1$$anon$2.<init>(ClassfileManager.scala:40)
	at sbt.inc.ClassfileManager$$anonfun$transactional$1.apply(ClassfileManager.scala:37)
	at sbt.inc.ClassfileManager$$anonfun$transactional$1.apply(ClassfileManager.scala:37)
	at sbt.inc.Incremental$.manageClassfiles(Incremental.scala:88)
	at sbt.inc.Incremental$.compile(Incremental.scala:61)
	at sbt.inc.IncrementalCompile$.apply(Compile.scala:54)
	at sbt.compiler.IC$.compileInternal(IncrementalCompiler.scala:160)
	at sbt.compiler.IC$.incrementalCompile(IncrementalCompiler.scala:138)
	at org.scalaide.core.internal.builder.zinc.CachingCompiler.compile(CachingCompiler.scala:37)
	at org.scalaide.core.internal.builder.zinc.EclipseSbtBuildManager.aggressiveCompile(EclipseSbtBuildManager.scala:213)
	at org.scalaide.core.internal.builder.zinc.EclipseSbtBuildManager.runCompiler(EclipseSbtBuildManager.scala:145)
	at org.scalaide.core.internal.builder.zinc.EclipseSbtBuildManager.update(EclipseSbtBuildManager.scala:127)
	at org.scalaide.core.internal.builder.zinc.EclipseSbtBuildManager.build(EclipseSbtBuildManager.scala:85)
	at org.scalaide.core.internal.project.scopes.BuildScopeUnit.build(BuildScopeUnit.scala:73)
	at org.scalaide.core.internal.project.SbtScopesBuildManager$$anonfun$build$1.apply(SbtScopesBuildManager.scala:54)
	at org.scalaide.core.internal.project.SbtScopesBuildManager$$anonfun$build$1.apply(SbtScopesBuildManager.scala:51)
	at scala.collection.immutable.List.foreach(List.scala:381)
	at org.scalaide.core.internal.project.SbtScopesBuildManager.build(SbtScopesBuildManager.scala:51)
	at org.scalaide.core.internal.project.ScalaProject.build(ScalaProject.scala:603)
	at org.scalaide.core.internal.builder.ScalaBuilder.build(ScalaBuilder.scala:109)
	at org.eclipse.core.internal.events.BuildManager$2.run(BuildManager.java:735)
	at org.eclipse.core.runtime.SafeRunner.run(SafeRunner.java:42)
	at org.eclipse.core.internal.events.BuildManager.basicBuild(BuildManager.java:206)
	at org.eclipse.core.internal.events.BuildManager.basicBuild(BuildManager.java:246)
	at org.eclipse.core.internal.events.BuildManager$1.run(BuildManager.java:301)
	at org.eclipse.core.runtime.SafeRunner.run(SafeRunner.java:42)
	at org.eclipse.core.internal.events.BuildManager.basicBuild(BuildManager.java:304)
	at org.eclipse.core.internal.events.BuildManager.basicBuildLoop(BuildManager.java:360)
	at org.eclipse.core.internal.events.BuildManager.build(BuildManager.java:383)
	at org.eclipse.core.internal.events.AutoBuildJob.doBuild(AutoBuildJob.java:144)
	at org.eclipse.core.internal.events.AutoBuildJob.run(AutoBuildJob.java:235)
	at org.eclipse.core.internal.jobs.Worker.run(Worker.java:55)
2016-09-07 11:08:40,020 ERROR [main] - org.scala-ide.sdt.core - org.scala-ide.sdt.core - org.scala-ide.sdt.core - 0 - Error in Scala compiler
java.lang.RuntimeException: Could not create directory C:\Users\BAM\Documents\Workspaces\PlayWorkspace\Shop\.tmpBin
	at scala.sys.package$.error(package.scala:27)
	at sbt.IO$.createDirectory(IO.scala:166)
	at sbt.inc.ClassfileManager$$anonfun$transactional$1$$anon$2.<init>(ClassfileManager.scala:40)
	at sbt.inc.ClassfileManager$$anonfun$transactional$1.apply(ClassfileManager.scala:37)
	at sbt.inc.ClassfileManager$$anonfun$transactional$1.apply(ClassfileManager.scala:37)
	at sbt.inc.Incremental$.manageClassfiles(Incremental.scala:88)
	at sbt.inc.Incremental$.compile(Incremental.scala:61)
	at sbt.inc.IncrementalCompile$.apply(Compile.scala:54)
	at sbt.compiler.IC$.compileInternal(IncrementalCompiler.scala:160)
	at sbt.compiler.IC$.incrementalCompile(IncrementalCompiler.scala:138)
	at org.scalaide.core.internal.builder.zinc.CachingCompiler.compile(CachingCompiler.scala:37)
	at org.scalaide.core.internal.builder.zinc.EclipseSbtBuildManager.aggressiveCompile(EclipseSbtBuildManager.scala:213)
	at org.scalaide.core.internal.builder.zinc.EclipseSbtBuildManager.runCompiler(EclipseSbtBuildManager.scala:145)
	at org.scalaide.core.internal.builder.zinc.EclipseSbtBuildManager.update(EclipseSbtBuildManager.scala:127)
	at org.scalaide.core.internal.builder.zinc.EclipseSbtBuildManager.build(EclipseSbtBuildManager.scala:85)
	at org.scalaide.core.internal.project.scopes.BuildScopeUnit.build(BuildScopeUnit.scala:73)
	at org.scalaide.core.internal.project.SbtScopesBuildManager$$anonfun$build$1.apply(SbtScopesBuildManager.scala:54)
	at org.scalaide.core.internal.project.SbtScopesBuildManager$$anonfun$build$1.apply(SbtScopesBuildManager.scala:51)
	at scala.collection.immutable.List.foreach(List.scala:381)
	at org.scalaide.core.internal.project.SbtScopesBuildManager.build(SbtScopesBuildManager.scala:51)
	at org.scalaide.core.internal.project.ScalaProject.build(ScalaProject.scala:603)
	at org.scalaide.core.internal.builder.ScalaBuilder.build(ScalaBuilder.scala:109)
	at org.eclipse.core.internal.events.BuildManager$2.run(BuildManager.java:735)
	at org.eclipse.core.runtime.SafeRunner.run(SafeRunner.java:42)
	at org.eclipse.core.internal.events.BuildManager.basicBuild(BuildManager.java:206)
	at org.eclipse.core.internal.events.BuildManager.basicBuild(BuildManager.java:246)
	at org.eclipse.core.internal.events.BuildManager$1.run(BuildManager.java:301)
	at org.eclipse.core.runtime.SafeRunner.run(SafeRunner.java:42)
	at org.eclipse.core.internal.events.BuildManager.basicBuild(BuildManager.java:304)
	at org.eclipse.core.internal.events.BuildManager.basicBuildLoop(BuildManager.java:360)
	at org.eclipse.core.internal.events.BuildManager.build(BuildManager.java:383)
	at org.eclipse.core.internal.events.AutoBuildJob.doBuild(AutoBuildJob.java:144)
	at org.eclipse.core.internal.events.AutoBuildJob.run(AutoBuildJob.java:235)
	at org.eclipse.core.internal.jobs.Worker.run(Worker.java:55)
2016-09-07 11:11:06,109 ERROR [main] - org.scala-ide.sdt.core - org.scala-ide.sdt.core - org.scala-ide.sdt.core - 0 - Error in Scala compiler
java.lang.RuntimeException: Could not create directory C:\Users\BAM\Documents\Workspaces\PlayWorkspace\Shop\.tmpBin
	at scala.sys.package$.error(package.scala:27)
	at sbt.IO$.createDirectory(IO.scala:166)
	at sbt.inc.ClassfileManager$$anonfun$transactional$1$$anon$2.<init>(ClassfileManager.scala:40)
	at sbt.inc.ClassfileManager$$anonfun$transactional$1.apply(ClassfileManager.scala:37)
	at sbt.inc.ClassfileManager$$anonfun$transactional$1.apply(ClassfileManager.scala:37)
	at sbt.inc.Incremental$.manageClassfiles(Incremental.scala:88)
	at sbt.inc.Incremental$.compile(Incremental.scala:61)
	at sbt.inc.IncrementalCompile$.apply(Compile.scala:54)
	at sbt.compiler.IC$.compileInternal(IncrementalCompiler.scala:160)
	at sbt.compiler.IC$.incrementalCompile(IncrementalCompiler.scala:138)
	at org.scalaide.core.internal.builder.zinc.CachingCompiler.compile(CachingCompiler.scala:37)
	at org.scalaide.core.internal.builder.zinc.EclipseSbtBuildManager.aggressiveCompile(EclipseSbtBuildManager.scala:213)
	at org.scalaide.core.internal.builder.zinc.EclipseSbtBuildManager.runCompiler(EclipseSbtBuildManager.scala:145)
	at org.scalaide.core.internal.builder.zinc.EclipseSbtBuildManager.update(EclipseSbtBuildManager.scala:127)
	at org.scalaide.core.internal.builder.zinc.EclipseSbtBuildManager.build(EclipseSbtBuildManager.scala:85)
	at org.scalaide.core.internal.project.scopes.BuildScopeUnit.build(BuildScopeUnit.scala:73)
	at org.scalaide.core.internal.project.SbtScopesBuildManager$$anonfun$build$1.apply(SbtScopesBuildManager.scala:54)
	at org.scalaide.core.internal.project.SbtScopesBuildManager$$anonfun$build$1.apply(SbtScopesBuildManager.scala:51)
	at scala.collection.immutable.List.foreach(List.scala:381)
	at org.scalaide.core.internal.project.SbtScopesBuildManager.build(SbtScopesBuildManager.scala:51)
	at org.scalaide.core.internal.project.ScalaProject.build(ScalaProject.scala:603)
	at org.scalaide.core.internal.builder.ScalaBuilder.build(ScalaBuilder.scala:109)
	at org.eclipse.core.internal.events.BuildManager$2.run(BuildManager.java:735)
	at org.eclipse.core.runtime.SafeRunner.run(SafeRunner.java:42)
	at org.eclipse.core.internal.events.BuildManager.basicBuild(BuildManager.java:206)
	at org.eclipse.core.internal.events.BuildManager.basicBuild(BuildManager.java:246)
	at org.eclipse.core.internal.events.BuildManager$1.run(BuildManager.java:301)
	at org.eclipse.core.runtime.SafeRunner.run(SafeRunner.java:42)
	at org.eclipse.core.internal.events.BuildManager.basicBuild(BuildManager.java:304)
	at org.eclipse.core.internal.events.BuildManager.basicBuildLoop(BuildManager.java:360)
	at org.eclipse.core.internal.events.BuildManager.build(BuildManager.java:383)
	at org.eclipse.core.internal.events.AutoBuildJob.doBuild(AutoBuildJob.java:144)
	at org.eclipse.core.internal.events.AutoBuildJob.run(AutoBuildJob.java:235)
	at org.eclipse.core.internal.jobs.Worker.run(Worker.java:55)
2016-09-07 11:12:21,014 ERROR [main] - org.scala-ide.sdt.core - org.scala-ide.sdt.core - org.scala-ide.sdt.core - 0 - Error in Scala compiler
java.lang.RuntimeException: Could not create directory C:\Users\BAM\Documents\Workspaces\PlayWorkspace\Shop\.tmpBin
	at scala.sys.package$.error(package.scala:27)
	at sbt.IO$.createDirectory(IO.scala:166)
	at sbt.inc.ClassfileManager$$anonfun$transactional$1$$anon$2.<init>(ClassfileManager.scala:40)
	at sbt.inc.ClassfileManager$$anonfun$transactional$1.apply(ClassfileManager.scala:37)
	at sbt.inc.ClassfileManager$$anonfun$transactional$1.apply(ClassfileManager.scala:37)
	at sbt.inc.Incremental$.manageClassfiles(Incremental.scala:88)
	at sbt.inc.Incremental$.compile(Incremental.scala:61)
	at sbt.inc.IncrementalCompile$.apply(Compile.scala:54)
	at sbt.compiler.IC$.compileInternal(IncrementalCompiler.scala:160)
	at sbt.compiler.IC$.incrementalCompile(IncrementalCompiler.scala:138)
	at org.scalaide.core.internal.builder.zinc.CachingCompiler.compile(CachingCompiler.scala:37)
	at org.scalaide.core.internal.builder.zinc.EclipseSbtBuildManager.aggressiveCompile(EclipseSbtBuildManager.scala:213)
	at org.scalaide.core.internal.builder.zinc.EclipseSbtBuildManager.runCompiler(EclipseSbtBuildManager.scala:145)
	at org.scalaide.core.internal.builder.zinc.EclipseSbtBuildManager.update(EclipseSbtBuildManager.scala:127)
	at org.scalaide.core.internal.builder.zinc.EclipseSbtBuildManager.build(EclipseSbtBuildManager.scala:85)
	at org.scalaide.core.internal.project.scopes.BuildScopeUnit.build(BuildScopeUnit.scala:73)
	at org.scalaide.core.internal.project.SbtScopesBuildManager$$anonfun$build$1.apply(SbtScopesBuildManager.scala:54)
	at org.scalaide.core.internal.project.SbtScopesBuildManager$$anonfun$build$1.apply(SbtScopesBuildManager.scala:51)
	at scala.collection.immutable.List.foreach(List.scala:381)
	at org.scalaide.core.internal.project.SbtScopesBuildManager.build(SbtScopesBuildManager.scala:51)
	at org.scalaide.core.internal.project.ScalaProject.build(ScalaProject.scala:603)
	at org.scalaide.core.internal.builder.ScalaBuilder.build(ScalaBuilder.scala:109)
	at org.eclipse.core.internal.events.BuildManager$2.run(BuildManager.java:735)
	at org.eclipse.core.runtime.SafeRunner.run(SafeRunner.java:42)
	at org.eclipse.core.internal.events.BuildManager.basicBuild(BuildManager.java:206)
	at org.eclipse.core.internal.events.BuildManager.basicBuild(BuildManager.java:246)
	at org.eclipse.core.internal.events.BuildManager$1.run(BuildManager.java:301)
	at org.eclipse.core.runtime.SafeRunner.run(SafeRunner.java:42)
	at org.eclipse.core.internal.events.BuildManager.basicBuild(BuildManager.java:304)
	at org.eclipse.core.internal.events.BuildManager.basicBuildLoop(BuildManager.java:360)
	at org.eclipse.core.internal.events.BuildManager.build(BuildManager.java:383)
	at org.eclipse.core.internal.events.AutoBuildJob.doBuild(AutoBuildJob.java:144)
	at org.eclipse.core.internal.events.AutoBuildJob.run(AutoBuildJob.java:235)
	at org.eclipse.core.internal.jobs.Worker.run(Worker.java:55)
2016-09-07 11:20:38,437 ERROR [main] - org.scala-ide.sdt.core - org.scala-ide.sdt.core - org.scala-ide.sdt.core - 0 - Error in Scala compiler
java.lang.RuntimeException: Could not create directory C:\Users\BAM\Documents\Workspaces\PlayWorkspace\Shop\.tmpBin
	at scala.sys.package$.error(package.scala:27)
	at sbt.IO$.createDirectory(IO.scala:166)
	at sbt.inc.ClassfileManager$$anonfun$transactional$1$$anon$2.<init>(ClassfileManager.scala:40)
	at sbt.inc.ClassfileManager$$anonfun$transactional$1.apply(ClassfileManager.scala:37)
	at sbt.inc.ClassfileManager$$anonfun$transactional$1.apply(ClassfileManager.scala:37)
	at sbt.inc.Incremental$.manageClassfiles(Incremental.scala:88)
	at sbt.inc.Incremental$.compile(Incremental.scala:61)
	at sbt.inc.IncrementalCompile$.apply(Compile.scala:54)
	at sbt.compiler.IC$.compileInternal(IncrementalCompiler.scala:160)
	at sbt.compiler.IC$.incrementalCompile(IncrementalCompiler.scala:138)
	at org.scalaide.core.internal.builder.zinc.CachingCompiler.compile(CachingCompiler.scala:37)
	at org.scalaide.core.internal.builder.zinc.EclipseSbtBuildManager.aggressiveCompile(EclipseSbtBuildManager.scala:213)
	at org.scalaide.core.internal.builder.zinc.EclipseSbtBuildManager.runCompiler(EclipseSbtBuildManager.scala:145)
	at org.scalaide.core.internal.builder.zinc.EclipseSbtBuildManager.update(EclipseSbtBuildManager.scala:127)
	at org.scalaide.core.internal.builder.zinc.EclipseSbtBuildManager.build(EclipseSbtBuildManager.scala:85)
	at org.scalaide.core.internal.project.scopes.BuildScopeUnit.build(BuildScopeUnit.scala:73)
	at org.scalaide.core.internal.project.SbtScopesBuildManager$$anonfun$build$1.apply(SbtScopesBuildManager.scala:54)
	at org.scalaide.core.internal.project.SbtScopesBuildManager$$anonfun$build$1.apply(SbtScopesBuildManager.scala:51)
	at scala.collection.immutable.List.foreach(List.scala:381)
	at org.scalaide.core.internal.project.SbtScopesBuildManager.build(SbtScopesBuildManager.scala:51)
	at org.scalaide.core.internal.project.ScalaProject.build(ScalaProject.scala:603)
	at org.scalaide.core.internal.builder.ScalaBuilder.build(ScalaBuilder.scala:109)
	at org.eclipse.core.internal.events.BuildManager$2.run(BuildManager.java:735)
	at org.eclipse.core.runtime.SafeRunner.run(SafeRunner.java:42)
	at org.eclipse.core.internal.events.BuildManager.basicBuild(BuildManager.java:206)
	at org.eclipse.core.internal.events.BuildManager.basicBuild(BuildManager.java:246)
	at org.eclipse.core.internal.events.BuildManager$1.run(BuildManager.java:301)
	at org.eclipse.core.runtime.SafeRunner.run(SafeRunner.java:42)
	at org.eclipse.core.internal.events.BuildManager.basicBuild(BuildManager.java:304)
	at org.eclipse.core.internal.events.BuildManager.basicBuildLoop(BuildManager.java:360)
	at org.eclipse.core.internal.events.BuildManager.build(BuildManager.java:383)
	at org.eclipse.core.internal.events.AutoBuildJob.doBuild(AutoBuildJob.java:144)
	at org.eclipse.core.internal.events.AutoBuildJob.run(AutoBuildJob.java:235)
	at org.eclipse.core.internal.jobs.Worker.run(Worker.java:55)
2016-09-07 11:20:46,367 ERROR [main] - org.scala-ide.sdt.core - org.scala-ide.sdt.core - org.scala-ide.sdt.core - 0 - Error in Scala compiler
java.lang.RuntimeException: Could not create directory C:\Users\BAM\Documents\Workspaces\PlayWorkspace\Shop\.tmpBin
	at scala.sys.package$.error(package.scala:27)
	at sbt.IO$.createDirectory(IO.scala:166)
	at sbt.inc.ClassfileManager$$anonfun$transactional$1$$anon$2.<init>(ClassfileManager.scala:40)
	at sbt.inc.ClassfileManager$$anonfun$transactional$1.apply(ClassfileManager.scala:37)
	at sbt.inc.ClassfileManager$$anonfun$transactional$1.apply(ClassfileManager.scala:37)
	at sbt.inc.Incremental$.manageClassfiles(Incremental.scala:88)
	at sbt.inc.Incremental$.compile(Incremental.scala:61)
	at sbt.inc.IncrementalCompile$.apply(Compile.scala:54)
	at sbt.compiler.IC$.compileInternal(IncrementalCompiler.scala:160)
	at sbt.compiler.IC$.incrementalCompile(IncrementalCompiler.scala:138)
	at org.scalaide.core.internal.builder.zinc.CachingCompiler.compile(CachingCompiler.scala:37)
	at org.scalaide.core.internal.builder.zinc.EclipseSbtBuildManager.aggressiveCompile(EclipseSbtBuildManager.scala:213)
	at org.scalaide.core.internal.builder.zinc.EclipseSbtBuildManager.runCompiler(EclipseSbtBuildManager.scala:145)
	at org.scalaide.core.internal.builder.zinc.EclipseSbtBuildManager.update(EclipseSbtBuildManager.scala:127)
	at org.scalaide.core.internal.builder.zinc.EclipseSbtBuildManager.build(EclipseSbtBuildManager.scala:85)
	at org.scalaide.core.internal.project.scopes.BuildScopeUnit.build(BuildScopeUnit.scala:73)
	at org.scalaide.core.internal.project.SbtScopesBuildManager$$anonfun$build$1.apply(SbtScopesBuildManager.scala:54)
	at org.scalaide.core.internal.project.SbtScopesBuildManager$$anonfun$build$1.apply(SbtScopesBuildManager.scala:51)
	at scala.collection.immutable.List.foreach(List.scala:381)
	at org.scalaide.core.internal.project.SbtScopesBuildManager.build(SbtScopesBuildManager.scala:51)
	at org.scalaide.core.internal.project.ScalaProject.build(ScalaProject.scala:603)
	at org.scalaide.core.internal.builder.ScalaBuilder.build(ScalaBuilder.scala:109)
	at org.eclipse.core.internal.events.BuildManager$2.run(BuildManager.java:735)
	at org.eclipse.core.runtime.SafeRunner.run(SafeRunner.java:42)
	at org.eclipse.core.internal.events.BuildManager.basicBuild(BuildManager.java:206)
	at org.eclipse.core.internal.events.BuildManager.basicBuild(BuildManager.java:246)
	at org.eclipse.core.internal.events.BuildManager$1.run(BuildManager.java:301)
	at org.eclipse.core.runtime.SafeRunner.run(SafeRunner.java:42)
	at org.eclipse.core.internal.events.BuildManager.basicBuild(BuildManager.java:304)
	at org.eclipse.core.internal.events.BuildManager.basicBuildLoop(BuildManager.java:360)
	at org.eclipse.core.internal.events.BuildManager.build(BuildManager.java:383)
	at org.eclipse.core.internal.events.AutoBuildJob.doBuild(AutoBuildJob.java:144)
	at org.eclipse.core.internal.events.AutoBuildJob.run(AutoBuildJob.java:235)
	at org.eclipse.core.internal.jobs.Worker.run(Worker.java:55)
2016-09-07 11:22:54,992 ERROR [main] - Statistics - Statistics file `C:\Users\BAM\.scalaide\statistics` is corrupted. A new one is being created. Corrupted content was:

com.cedarsoftware.util.io.JsonIoException: error parsing JSON value
	at com.cedarsoftware.util.io.JsonReader.readObject(JsonReader.java:529)
	at com.cedarsoftware.util.io.JsonReader.jsonToJava(JsonReader.java:289)
	at com.cedarsoftware.util.io.JsonReader.jsonToJava(JsonReader.java:262)
	at org.scalaide.core.internal.statistics.Statistics.org$scalaide$core$internal$statistics$Statistics$$read(Statistics.scala:74)
	at org.scalaide.core.internal.statistics.Statistics$$anonfun$readStats$1.apply(Statistics.scala:52)
	at org.scalaide.core.internal.statistics.Statistics$$anonfun$readStats$1.apply(Statistics.scala:51)
	at org.scalaide.core.ScalaIdeDataStore$$anonfun$validate$2.apply(ScalaIdeDataStore.scala:59)
	at org.scalaide.util.eclipse.EclipseUtils$$anon$3.run(EclipseUtils.scala:214)
	at org.eclipse.core.runtime.SafeRunner.run(SafeRunner.java:42)
	at org.scalaide.util.eclipse.EclipseUtils$.withSafeRunner(EclipseUtils.scala:210)
	at org.scalaide.core.ScalaIdeDataStore$.validate(ScalaIdeDataStore.scala:58)
	at org.scalaide.core.internal.statistics.Statistics.readStats(Statistics.scala:51)
	at org.scalaide.core.internal.statistics.Statistics.<init>(Statistics.scala:30)
	at org.scalaide.core.internal.ScalaPlugin.stats$lzycompute(ScalaPlugin.scala:135)
	at org.scalaide.core.internal.ScalaPlugin.stats(ScalaPlugin.scala:135)
	at org.scalaide.core.internal.ScalaPlugin.statistics(ScalaPlugin.scala:138)
	at org.scalaide.core.internal.ScalaPlugin.start(ScalaPlugin.scala:109)
	at org.eclipse.osgi.internal.framework.BundleContextImpl$3.run(BundleContextImpl.java:774)
	at org.eclipse.osgi.internal.framework.BundleContextImpl$3.run(BundleContextImpl.java:1)
	at java.security.AccessController.doPrivileged(Native Method)
	at org.eclipse.osgi.internal.framework.BundleContextImpl.startActivator(BundleContextImpl.java:767)
	at org.eclipse.osgi.internal.framework.BundleContextImpl.start(BundleContextImpl.java:724)
	at org.eclipse.osgi.internal.framework.EquinoxBundle.startWorker0(EquinoxBundle.java:932)
	at org.eclipse.osgi.internal.framework.EquinoxBundle$EquinoxModule.startWorker(EquinoxBundle.java:309)
	at org.eclipse.osgi.container.Module.doStart(Module.java:581)
	at org.eclipse.osgi.container.Module.start(Module.java:449)
	at org.eclipse.osgi.framework.util.SecureAction.start(SecureAction.java:470)
	at org.eclipse.osgi.internal.hooks.EclipseLazyStarter.postFindLocalClass(EclipseLazyStarter.java:107)
	at org.eclipse.osgi.internal.loader.classpath.ClasspathManager.findLocalClass(ClasspathManager.java:529)
	at org.eclipse.osgi.internal.loader.ModuleClassLoader.findLocalClass(ModuleClassLoader.java:325)
	at org.eclipse.osgi.internal.loader.BundleLoader.findLocalClass(BundleLoader.java:334)
	at org.eclipse.osgi.internal.loader.BundleLoader.findClassInternal(BundleLoader.java:411)
	at org.eclipse.osgi.internal.loader.BundleLoader.findClass(BundleLoader.java:361)
	at org.eclipse.osgi.internal.loader.BundleLoader.findClass(BundleLoader.java:353)
	at org.eclipse.osgi.internal.loader.ModuleClassLoader.loadClass(ModuleClassLoader.java:161)
	at java.lang.ClassLoader.loadClass(Unknown Source)
	at org.eclipse.osgi.internal.framework.EquinoxBundle.loadClass(EquinoxBundle.java:564)
	at org.eclipse.core.internal.registry.osgi.RegistryStrategyOSGI.createExecutableExtension(RegistryStrategyOSGI.java:174)
	at org.eclipse.core.internal.registry.ExtensionRegistry.createExecutableExtension(ExtensionRegistry.java:905)
	at org.eclipse.core.internal.registry.ConfigurationElement.createExecutableExtension(ConfigurationElement.java:243)
	at org.eclipse.core.internal.registry.ConfigurationElementHandle.createExecutableExtension(ConfigurationElementHandle.java:55)
	at scala.tools.eclipse.contribution.weaving.jdt.imagedescriptor.ImageDescriptorSelectorRegistry.registerSelectors(ImageDescriptorSelectorRegistry.java:74)
	at scala.tools.eclipse.contribution.weaving.jdt.imagedescriptor.ImageDescriptorSelectorRegistry.iterator(ImageDescriptorSelectorRegistry.java:88)
	at scala.tools.eclipse.contribution.weaving.jdt.imagedescriptor.ImageDescriptorSelectorAspect.getImageDescriptor(ImageDescriptorSelectorAspect.aj:101)
	at scala.tools.eclipse.contribution.weaving.jdt.imagedescriptor.ImageDescriptorSelectorAspect.ajc$privMethod$scala_tools_eclipse_contribution_weaving_jdt_imagedescriptor_ImageDescriptorSelectorAspect$scala_tools_eclipse_contribution_weaving_jdt_imagedescriptor_ImageDescriptorSelectorAspect$getImageDescriptor(ImageDescriptorSelectorAspect.aj:1)
	at scala.tools.eclipse.contribution.weaving.jdt.imagedescriptor.ImageDescriptorSelectorAspect.ajc$around$scala_tools_eclipse_contribution_weaving_jdt_imagedescriptor_ImageDescriptorSelectorAspect$2$80f5da8d(ImageDescriptorSelectorAspect.aj:91)
	at org.eclipse.jdt.internal.ui.viewsupport.JavaElementImageProvider.computeDescriptor(JavaElementImageProvider.java:116)
	at org.eclipse.jdt.internal.ui.viewsupport.JavaElementImageProvider.getImageLabel(JavaElementImageProvider.java:98)
	at org.eclipse.jdt.internal.ui.viewsupport.JavaUILabelProvider.getImage(JavaUILabelProvider.java:142)
	at org.eclipse.jdt.internal.ui.packageview.PackageExplorerLabelProvider.getImage(PackageExplorerLabelProvider.java:137)
	at org.eclipse.jdt.internal.ui.navigator.JavaNavigatorLabelProvider.getImage(JavaNavigatorLabelProvider.java:134)
	at org.eclipse.ui.internal.navigator.NavigatorContentServiceLabelProvider.findImage(NavigatorContentServiceLabelProvider.java:199)
	at org.eclipse.ui.internal.navigator.NavigatorContentServiceLabelProvider.getColumnImage(NavigatorContentServiceLabelProvider.java:107)
	at org.eclipse.ui.internal.navigator.NavigatorContentServiceLabelProvider.getImage(NavigatorContentServiceLabelProvider.java:99)
	at org.eclipse.ui.internal.navigator.NavigatorDecoratingLabelProvider$StyledLabelProviderAdapter.getImage(NavigatorDecoratingLabelProvider.java:57)
	at org.eclipse.jface.viewers.DelegatingStyledCellLabelProvider.getImage(DelegatingStyledCellLabelProvider.java:195)
	at org.eclipse.jface.viewers.DecoratingStyledCellLabelProvider.getImage(DecoratingStyledCellLabelProvider.java:168)
	at org.eclipse.jface.viewers.DelegatingStyledCellLabelProvider.update(DelegatingStyledCellLabelProvider.java:121)
	at org.eclipse.jface.viewers.DecoratingStyledCellLabelProvider.update(DecoratingStyledCellLabelProvider.java:131)
	at org.eclipse.jface.viewers.ViewerColumn.refresh(ViewerColumn.java:141)
	at org.eclipse.jface.viewers.AbstractTreeViewer.doUpdateItem(AbstractTreeViewer.java:949)
	at org.eclipse.jface.viewers.AbstractTreeViewer$UpdateItemSafeRunnable.run(AbstractTreeViewer.java:118)
	at org.eclipse.core.runtime.SafeRunner.run(SafeRunner.java:42)
	at org.eclipse.ui.internal.JFaceUtil$1.run(JFaceUtil.java:50)
	at org.eclipse.jface.util.SafeRunnable.run(SafeRunnable.java:173)
	at org.eclipse.jface.viewers.AbstractTreeViewer.doUpdateItem(AbstractTreeViewer.java:1029)
	at org.eclipse.jface.viewers.StructuredViewer$UpdateItemSafeRunnable.run(StructuredViewer.java:474)
	at org.eclipse.core.runtime.SafeRunner.run(SafeRunner.java:42)
	at org.eclipse.ui.internal.JFaceUtil$1.run(JFaceUtil.java:50)
	at org.eclipse.jface.util.SafeRunnable.run(SafeRunnable.java:173)
	at org.eclipse.jface.viewers.StructuredViewer.updateItem(StructuredViewer.java:2170)
	at org.eclipse.jface.viewers.AbstractTreeViewer.createTreeItem(AbstractTreeViewer.java:843)
	at org.eclipse.jface.viewers.AbstractTreeViewer.lambda$0(AbstractTreeViewer.java:820)
	at org.eclipse.swt.custom.BusyIndicator.showWhile(BusyIndicator.java:70)
	at org.eclipse.jface.viewers.AbstractTreeViewer.createChildren(AbstractTreeViewer.java:795)
	at org.eclipse.jface.viewers.TreeViewer.createChildren(TreeViewer.java:596)
	at org.eclipse.jface.viewers.AbstractTreeViewer.createChildren(AbstractTreeViewer.java:766)
	at org.eclipse.jface.viewers.AbstractTreeViewer.internalInitializeTree(AbstractTreeViewer.java:1538)
	at org.eclipse.jface.viewers.TreeViewer.internalInitializeTree(TreeViewer.java:772)
	at org.eclipse.jface.viewers.AbstractTreeViewer.lambda$1(AbstractTreeViewer.java:1523)
	at org.eclipse.jface.viewers.StructuredViewer.preservingSelection(StructuredViewer.java:1458)
	at org.eclipse.jface.viewers.TreeViewer.preservingSelection(TreeViewer.java:354)
	at org.eclipse.jface.viewers.StructuredViewer.preservingSelection(StructuredViewer.java:1419)
	at org.eclipse.jface.viewers.AbstractTreeViewer.inputChanged(AbstractTreeViewer.java:1517)
	at org.eclipse.jface.viewers.ContentViewer.setInput(ContentViewer.java:286)
	at org.eclipse.jface.viewers.StructuredViewer.setInput(StructuredViewer.java:1696)
	at org.eclipse.ui.navigator.CommonNavigator.createPartControl(CommonNavigator.java:206)
	at org.eclipse.ui.navigator.resources.ProjectExplorer.createPartControl(ProjectExplorer.java:88)
	at org.eclipse.ui.internal.e4.compatibility.CompatibilityPart.createPartControl(CompatibilityPart.java:151)
	at org.eclipse.ui.internal.e4.compatibility.CompatibilityView.createPartControl(CompatibilityView.java:143)
	at org.eclipse.ui.internal.e4.compatibility.CompatibilityPart.create(CompatibilityPart.java:341)
	at sun.reflect.NativeMethodAccessorImpl.invoke0(Native Method)
	at sun.reflect.NativeMethodAccessorImpl.invoke(Unknown Source)
	at sun.reflect.DelegatingMethodAccessorImpl.invoke(Unknown Source)
	at java.lang.reflect.Method.invoke(Unknown Source)
	at org.eclipse.e4.core.internal.di.MethodRequestor.execute(MethodRequestor.java:54)
	at org.eclipse.e4.core.internal.di.InjectorImpl.processAnnotated(InjectorImpl.java:966)
	at org.eclipse.e4.core.internal.di.InjectorImpl.processAnnotated(InjectorImpl.java:931)
	at org.eclipse.e4.core.internal.di.InjectorImpl.inject(InjectorImpl.java:151)
	at org.eclipse.e4.core.internal.di.InjectorImpl.internalMake(InjectorImpl.java:375)
	at org.eclipse.e4.core.internal.di.InjectorImpl.make(InjectorImpl.java:294)
	at org.eclipse.e4.core.contexts.ContextInjectionFactory.make(ContextInjectionFactory.java:162)
	at org.eclipse.e4.ui.internal.workbench.ReflectionContributionFactory.createFromBundle(ReflectionContributionFactory.java:105)
	at org.eclipse.e4.ui.internal.workbench.ReflectionContributionFactory.doCreate(ReflectionContributionFactory.java:74)
	at org.eclipse.e4.ui.internal.workbench.ReflectionContributionFactory.create(ReflectionContributionFactory.java:56)
	at org.eclipse.e4.ui.workbench.renderers.swt.ContributedPartRenderer.createWidget(ContributedPartRenderer.java:129)
	at org.eclipse.e4.ui.internal.workbench.swt.PartRenderingEngine.createWidget(PartRenderingEngine.java:975)
	at org.eclipse.e4.ui.internal.workbench.swt.PartRenderingEngine.safeCreateGui(PartRenderingEngine.java:651)
	at org.eclipse.e4.ui.internal.workbench.swt.PartRenderingEngine$1.run(PartRenderingEngine.java:536)
	at org.eclipse.core.runtime.SafeRunner.run(SafeRunner.java:42)
	at org.eclipse.e4.ui.internal.workbench.swt.PartRenderingEngine.createGui(PartRenderingEngine.java:520)
	at org.eclipse.e4.ui.workbench.renderers.swt.ElementReferenceRenderer.createWidget(ElementReferenceRenderer.java:70)
	at org.eclipse.e4.ui.internal.workbench.swt.PartRenderingEngine.createWidget(PartRenderingEngine.java:975)
	at org.eclipse.e4.ui.internal.workbench.swt.PartRenderingEngine.safeCreateGui(PartRenderingEngine.java:651)
	at org.eclipse.e4.ui.internal.workbench.swt.PartRenderingEngine.safeCreateGui(PartRenderingEngine.java:757)
	at org.eclipse.e4.ui.internal.workbench.swt.PartRenderingEngine.access$0(PartRenderingEngine.java:728)
	at org.eclipse.e4.ui.internal.workbench.swt.PartRenderingEngine$2.run(PartRenderingEngine.java:722)
	at org.eclipse.core.runtime.SafeRunner.run(SafeRunner.java:42)
	at org.eclipse.e4.ui.internal.workbench.swt.PartRenderingEngine.createGui(PartRenderingEngine.java:706)
	at org.eclipse.e4.ui.workbench.renderers.swt.StackRenderer.showTab(StackRenderer.java:1317)
	at org.eclipse.e4.ui.workbench.renderers.swt.LazyStackRenderer.postProcess(LazyStackRenderer.java:103)
	at org.eclipse.e4.ui.internal.workbench.swt.PartRenderingEngine.safeCreateGui(PartRenderingEngine.java:669)
	at org.eclipse.e4.ui.internal.workbench.swt.PartRenderingEngine.safeCreateGui(PartRenderingEngine.java:757)
	at org.eclipse.e4.ui.internal.workbench.swt.PartRenderingEngine.access$0(PartRenderingEngine.java:728)
	at org.eclipse.e4.ui.internal.workbench.swt.PartRenderingEngine$2.run(PartRenderingEngine.java:722)
	at org.eclipse.core.runtime.SafeRunner.run(SafeRunner.java:42)
	at org.eclipse.e4.ui.internal.workbench.swt.PartRenderingEngine.createGui(PartRenderingEngine.java:706)
	at org.eclipse.e4.ui.workbench.renderers.swt.SWTPartRenderer.processContents(SWTPartRenderer.java:70)
	at org.eclipse.e4.ui.workbench.renderers.swt.SashRenderer.processContents(SashRenderer.java:142)
	at org.eclipse.e4.ui.internal.workbench.swt.PartRenderingEngine.safeCreateGui(PartRenderingEngine.java:665)
	at org.eclipse.e4.ui.internal.workbench.swt.PartRenderingEngine.safeCreateGui(PartRenderingEngine.java:757)
	at org.eclipse.e4.ui.internal.workbench.swt.PartRenderingEngine.access$0(PartRenderingEngine.java:728)
	at org.eclipse.e4.ui.internal.workbench.swt.PartRenderingEngine$2.run(PartRenderingEngine.java:722)
	at org.eclipse.core.runtime.SafeRunner.run(SafeRunner.java:42)
	at org.eclipse.e4.ui.internal.workbench.swt.PartRenderingEngine.createGui(PartRenderingEngine.java:706)
	at org.eclipse.e4.ui.workbench.renderers.swt.SWTPartRenderer.processContents(SWTPartRenderer.java:70)
	at org.eclipse.e4.ui.workbench.renderers.swt.PerspectiveRenderer.processContents(PerspectiveRenderer.java:49)
	at org.eclipse.e4.ui.internal.workbench.swt.PartRenderingEngine.safeCreateGui(PartRenderingEngine.java:665)
	at org.eclipse.e4.ui.internal.workbench.swt.PartRenderingEngine.safeCreateGui(PartRenderingEngine.java:757)
	at org.eclipse.e4.ui.internal.workbench.swt.PartRenderingEngine.access$0(PartRenderingEngine.java:728)
	at org.eclipse.e4.ui.internal.workbench.swt.PartRenderingEngine$2.run(PartRenderingEngine.java:722)
	at org.eclipse.core.runtime.SafeRunner.run(SafeRunner.java:42)
	at org.eclipse.e4.ui.internal.workbench.swt.PartRenderingEngine.createGui(PartRenderingEngine.java:706)
	at org.eclipse.e4.ui.workbench.renderers.swt.PerspectiveStackRenderer.showTab(PerspectiveStackRenderer.java:82)
	at org.eclipse.e4.ui.workbench.renderers.swt.LazyStackRenderer.postProcess(LazyStackRenderer.java:103)
	at org.eclipse.e4.ui.workbench.renderers.swt.PerspectiveStackRenderer.postProcess(PerspectiveStackRenderer.java:63)
	at org.eclipse.e4.ui.internal.workbench.swt.PartRenderingEngine.safeCreateGui(PartRenderingEngine.java:669)
	at org.eclipse.e4.ui.internal.workbench.swt.PartRenderingEngine.safeCreateGui(PartRenderingEngine.java:757)
	at org.eclipse.e4.ui.internal.workbench.swt.PartRenderingEngine.access$0(PartRenderingEngine.java:728)
	at org.eclipse.e4.ui.internal.workbench.swt.PartRenderingEngine$2.run(PartRenderingEngine.java:722)
	at org.eclipse.core.runtime.SafeRunner.run(SafeRunner.java:42)
	at org.eclipse.e4.ui.internal.workbench.swt.PartRenderingEngine.createGui(PartRenderingEngine.java:706)
	at org.eclipse.e4.ui.workbench.renderers.swt.SWTPartRenderer.processContents(SWTPartRenderer.java:70)
	at org.eclipse.e4.ui.workbench.renderers.swt.SashRenderer.processContents(SashRenderer.java:142)
	at org.eclipse.e4.ui.internal.workbench.swt.PartRenderingEngine.safeCreateGui(PartRenderingEngine.java:665)
	at org.eclipse.e4.ui.internal.workbench.swt.PartRenderingEngine.safeCreateGui(PartRenderingEngine.java:757)
	at org.eclipse.e4.ui.internal.workbench.swt.PartRenderingEngine.access$0(PartRenderingEngine.java:728)
	at org.eclipse.e4.ui.internal.workbench.swt.PartRenderingEngine$2.run(PartRenderingEngine.java:722)
	at org.eclipse.core.runtime.SafeRunner.run(SafeRunner.java:42)
	at org.eclipse.e4.ui.internal.workbench.swt.PartRenderingEngine.createGui(PartRenderingEngine.java:706)
	at org.eclipse.e4.ui.workbench.renderers.swt.SWTPartRenderer.processContents(SWTPartRenderer.java:70)
	at org.eclipse.e4.ui.workbench.renderers.swt.WBWRenderer.processContents(WBWRenderer.java:725)
	at org.eclipse.e4.ui.internal.workbench.swt.PartRenderingEngine.safeCreateGui(PartRenderingEngine.java:665)
	at org.eclipse.e4.ui.internal.workbench.swt.PartRenderingEngine.safeCreateGui(PartRenderingEngine.java:757)
	at org.eclipse.e4.ui.internal.workbench.swt.PartRenderingEngine.access$0(PartRenderingEngine.java:728)
	at org.eclipse.e4.ui.internal.workbench.swt.PartRenderingEngine$2.run(PartRenderingEngine.java:722)
	at org.eclipse.core.runtime.SafeRunner.run(SafeRunner.java:42)
	at org.eclipse.e4.ui.internal.workbench.swt.PartRenderingEngine.createGui(PartRenderingEngine.java:706)
	at org.eclipse.e4.ui.internal.workbench.swt.PartRenderingEngine$4.run(PartRenderingEngine.java:1059)
	at org.eclipse.core.databinding.observable.Realm.runWithDefault(Realm.java:336)
	at org.eclipse.e4.ui.internal.workbench.swt.PartRenderingEngine.run(PartRenderingEngine.java:1022)
	at org.eclipse.e4.ui.internal.workbench.E4Workbench.createAndRunUI(E4Workbench.java:150)
	at org.eclipse.ui.internal.Workbench$5.run(Workbench.java:687)
	at org.eclipse.core.databinding.observable.Realm.runWithDefault(Realm.java:336)
	at org.eclipse.ui.internal.Workbench.createAndRunWorkbench(Workbench.java:604)
	at org.eclipse.ui.PlatformUI.createAndRunWorkbench(PlatformUI.java:148)
	at org.eclipse.ui.internal.ide.application.IDEApplication.start(IDEApplication.java:138)
	at org.eclipse.equinox.internal.app.EclipseAppHandle.run(EclipseAppHandle.java:196)
	at org.eclipse.core.runtime.internal.adaptor.EclipseAppLauncher.runApplication(EclipseAppLauncher.java:134)
	at org.eclipse.core.runtime.internal.adaptor.EclipseAppLauncher.start(EclipseAppLauncher.java:104)
	at org.eclipse.core.runtime.adaptor.EclipseStarter.run(EclipseStarter.java:388)
	at org.eclipse.core.runtime.adaptor.EclipseStarter.run(EclipseStarter.java:243)
	at sun.reflect.NativeMethodAccessorImpl.invoke0(Native Method)
	at sun.reflect.NativeMethodAccessorImpl.invoke(Unknown Source)
	at sun.reflect.DelegatingMethodAccessorImpl.invoke(Unknown Source)
	at java.lang.reflect.Method.invoke(Unknown Source)
	at org.eclipse.equinox.launcher.Main.invokeFramework(Main.java:673)
	at org.eclipse.equinox.launcher.Main.basicRun(Main.java:610)
	at org.eclipse.equinox.launcher.Main.run(Main.java:1519)
Caused by: com.cedarsoftware.util.io.JsonIoException: EOF reached prematurely
	at com.cedarsoftware.util.io.JsonParser.error(JsonParser.java:584)
	at com.cedarsoftware.util.io.JsonParser.readValue(JsonParser.java:278)
	at com.cedarsoftware.util.io.JsonReader.readObject(JsonReader.java:521)
	... 188 more
2016-09-07 11:22:56,619  WARN [main] - org.scala-ide.sdt.core - org.scala-ide.sdt.core - org.scala-ide.sdt.core - 0 - Preference scala.compiler.sourceLevel was uninitialized for Shop, setting default to 2.11.
2016-09-07 11:22:56,634  WARN [main] - org.scala-ide.sdt.core - org.scala-ide.sdt.core - org.scala-ide.sdt.core - 0 - Preference scala.compiler.installation was uninitialized for Shop, setting default to 2.11.
2016-09-07 12:46:28,945 ERROR [Text Viewer Hover Presenter] - IScalaPresentationCompiler$ - Ignoring InterruptException
2016-09-07 12:46:28,945 ERROR [Text Viewer Hover Presenter] - IScalaPresentationCompiler$ - Ignoring InterruptException
2016-09-07 12:46:28,945 ERROR [Text Viewer Hover Presenter] - IScalaPresentationCompiler$ - Ignoring InterruptException
